<?xml version="1.0" encoding="UTF-8"?>
<!-- Generated by org.testng.reporters.JUnitXMLReporter -->
<testsuite ignored="0" hostname="Daves-MacBook-Pro-3.local" failures="0" tests="7" name="EventManagementAppTests" time="1.039" errors="0" timestamp="2025-08-06T19:52:03 BST">
  <testcase classname="testEndPoints.EventManagerEndPointTests" name="testGetRequest" time="0.69"/>
  <testcase classname="testEndPoints.EventManagerEndPointTests" name="createNewBookingTest" time="0.129"/>
  <testcase classname="testEndPoints.EventManagerEndPointTests" name="cancelBookingTest" time="0.019"/>
  <testcase classname="testEndPoints.EventManagerEndPointTests" name="parameterizationTest" time="0.04"/>
  <testcase classname="testEndPoints.EventManagerEndPointTests" name="testWithDifferentBooKingTypes" time="0.032"/>
  <testcase classname="testEndPoints.EventManagerEndPointTests" name="testWithDifferentBooKingTypes" time="0.034"/>
  <testcase classname="testEndPoints.EventManagerEndPointTests" name="testAvailableCapacityReducesAfterBooking" time="0.071"/>
</testsuite> <!-- EventManagementAppTests -->
