<?xml version="1.0" encoding="UTF-8"?>
<!-- Generated by org.testng.reporters.JUnitXMLReporter -->
<testsuite ignored="0" hostname="Daves-MacBook-Pro-3.local" failures="0" tests="7" name="EventManagementAppTests" time="1.177" errors="0" timestamp="2025-08-05T21:54:30 BST">
  <testcase classname="testEndPoints.EventManagerEndPointTests" name="testGetRequest" time="0.781"/>
  <testcase classname="testEndPoints.EventManagerEndPointTests" name="createNewBookingTest" time="0.145"/>
  <testcase classname="testEndPoints.EventManagerEndPointTests" name="cancelBookingTest" time="0.03"/>
  <testcase classname="testEndPoints.EventManagerEndPointTests" name="parameterizationTest" time="0.033"/>
  <testcase classname="testEndPoints.EventManagerEndPointTests" name="testWithDifferentBooKingTypes" time="0.033"/>
  <testcase classname="testEndPoints.EventManagerEndPointTests" name="testWithDifferentBooKingTypes" time="0.037"/>
  <testcase classname="testEndPoints.EventManagerEndPointTests" name="testAvailableCapacityReducesAfterBooking" time="0.093"/>
</testsuite> <!-- EventManagementAppTests -->
