<?xml version="1.0" encoding="UTF-8"?>
<testng-results ignored="0" total="7" passed="7" failed="0" skipped="0">
  <reporter-output>
  </reporter-output>
  <suite started-at="2025-08-06T19:52:02 BST" name="sf-em-restAssured-Tests" finished-at="2025-08-06T19:52:03 BST" duration-ms="1039">
    <groups>
    </groups>
    <test started-at="2025-08-06T19:52:02 BST" name="EventManagementAppTests" finished-at="2025-08-06T19:52:03 BST" duration-ms="1039">
      <class name="testEndPoints.EventManagerEndPointTests">
        <test-method is-config="true" signature="setUpSuite()[pri:0, instance:testEndPoints.EventManagerEndPointTests@2c104774]" started-at="2025-08-06T19:52:02 BST" name="setUpSuite" finished-at="2025-08-06T19:52:02 BST" duration-ms="140" status="PASS">
          <reporter-output>
          </reporter-output>
        </test-method> <!-- setUpSuite -->
        <test-method signature="testGetRequest()[pri:1, instance:testEndPoints.EventManagerEndPointTests@2c104774]" started-at="2025-08-06T19:52:02 BST" name="testGetRequest" finished-at="2025-08-06T19:52:03 BST" duration-ms="690" status="PASS">
          <reporter-output>
          </reporter-output>
        </test-method> <!-- testGetRequest -->
        <test-method signature="createNewBookingTest()[pri:2, instance:testEndPoints.EventManagerEndPointTests@2c104774]" started-at="2025-08-06T19:52:03 BST" name="createNewBookingTest" finished-at="2025-08-06T19:52:03 BST" duration-ms="129" status="PASS">
          <reporter-output>
          </reporter-output>
        </test-method> <!-- createNewBookingTest -->
        <test-method signature="cancelBookingTest()[pri:3, instance:testEndPoints.EventManagerEndPointTests@2c104774]" started-at="2025-08-06T19:52:03 BST" name="cancelBookingTest" finished-at="2025-08-06T19:52:03 BST" duration-ms="19" status="PASS">
          <reporter-output>
          </reporter-output>
        </test-method> <!-- cancelBookingTest -->
        <test-method signature="parameterizationTest(java.lang.String)[pri:4, instance:testEndPoints.EventManagerEndPointTests@2c104774]" started-at="2025-08-06T19:52:03 BST" name="parameterizationTest" finished-at="2025-08-06T19:52:03 BST" duration-ms="40" status="PASS">
          <params>
            <param index="0">
              <value>
                <![CDATA[REGULAR]]>
              </value>
            </param>
          </params>
          <reporter-output>
          </reporter-output>
        </test-method> <!-- parameterizationTest -->
        <test-method signature="testWithDifferentBooKingTypes(java.lang.String)[pri:5, instance:testEndPoints.EventManagerEndPointTests@2c104774]" started-at="2025-08-06T19:52:03 BST" name="testWithDifferentBooKingTypes" data-provider="bookingTypes" finished-at="2025-08-06T19:52:03 BST" duration-ms="32" status="PASS">
          <params>
            <param index="0">
              <value>
                <![CDATA[REGULAR]]>
              </value>
            </param>
          </params>
          <reporter-output>
          </reporter-output>
        </test-method> <!-- testWithDifferentBooKingTypes -->
        <test-method signature="testWithDifferentBooKingTypes(java.lang.String)[pri:5, instance:testEndPoints.EventManagerEndPointTests@2c104774]" started-at="2025-08-06T19:52:03 BST" name="testWithDifferentBooKingTypes" data-provider="bookingTypes" finished-at="2025-08-06T19:52:03 BST" duration-ms="34" status="PASS">
          <params>
            <param index="0">
              <value>
                <![CDATA[VIP]]>
              </value>
            </param>
          </params>
          <reporter-output>
          </reporter-output>
        </test-method> <!-- testWithDifferentBooKingTypes -->
        <test-method signature="testAvailableCapacityReducesAfterBooking()[pri:6, instance:testEndPoints.EventManagerEndPointTests@2c104774]" started-at="2025-08-06T19:52:03 BST" name="testAvailableCapacityReducesAfterBooking" finished-at="2025-08-06T19:52:03 BST" duration-ms="71" status="PASS">
          <reporter-output>
          </reporter-output>
        </test-method> <!-- testAvailableCapacityReducesAfterBooking -->
        <test-method is-config="true" signature="tearDownSuite()[pri:0, instance:testEndPoints.EventManagerEndPointTests@2c104774]" started-at="2025-08-06T19:52:04 BST" name="tearDownSuite" finished-at="2025-08-06T19:52:04 BST" duration-ms="1" status="PASS">
          <reporter-output>
          </reporter-output>
        </test-method> <!-- tearDownSuite -->
      </class> <!-- testEndPoints.EventManagerEndPointTests -->
    </test> <!-- EventManagementAppTests -->
  </suite> <!-- sf-em-restAssured-Tests -->
</testng-results>
