<?xml version="1.0" encoding="UTF-8"?>
<testsuite xmlns:xsi="http://www.w3.org/2001/XMLSchema-instance" xsi:noNamespaceSchemaLocation="https://maven.apache.org/surefire/maven-surefire-plugin/xsd/surefire-test-report-3.0.xsd" version="3.0" name="TestSuite" time="6.919" tests="7" errors="0" skipped="0" failures="0">
  <properties>
[...]
</properties>
  <testcase name="testGetRequest" classname="testEndPoints.EventManagerEndPointTests" time="0.879">
    <system-out><![CDATA[Request method:	GET
Request URI:	http://localhost:8080/v1/events
Proxy:			<none>
Request params:	<none>
Query params:	<none>
Form params:	<none>
Path params:	<none>
Headers:		Accept=*/*
Cookies:		<none>
Multiparts:		<none>
Body:			<none>
HTTP/1.1 200 
X-Content-Type-Options: nosniff
X-XSS-Protection: 0
Cache-Control: no-cache, no-store, max-age=0, must-revalidate
Pragma: no-cache
Expires: 0
X-Frame-Options: DENY
Content-Type: application/json
Transfer-Encoding: chunked
Date: Tue, 05 Aug 2025 21:41:54 GMT
Keep-Alive: timeout=60
Connection: keep-alive

{
    "status": "SUCCESS",
    "data": [
        {
            "theme": "Tech Conference 2025",
            "reference": "c291098f997543e6b5ae3f4d8950b616",
            "createdAt": null,
            "amount": 99.99,
            "status": "OPEN",
            "venue": "Convention Center, London",
            "totalCapacity": 500,
            "availableCapacity": 421,
            "startTime": "2025-08-10T09:00:00.000+00:00",
            "endTime": "2026-08-10T17:00:00.000+00:00"
        },
        {
            "theme": "Art Showcase",
            "reference": "123e4567-e89b-12d3-a456-426614174000",
            "createdAt": null,
            "amount": 20.00,
            "status": "OPEN",
            "venue": "Gallery District",
            "totalCapacity": 80,
            "availableCapacity": 35,
            "startTime": "2025-07-15T10:00:00.000+00:00",
            "endTime": "2025-07-15T16:00:00.000+00:00"
        },
        {
            "theme": "Music Festival",
            "reference": "550e8400-e29b-41d4-a716-446655440000",
            "createdAt": null,
            "amount": 55.00,
            "status": "FULLY_BOOKED",
            "venue": "Open Air Stage",
            "totalCapacity": 500,
            "availableCapacity": 0,
            "startTime": "2025-08-01T14:00:00.000+00:00",
            "endTime": "2025-08-01T22:00:00.000+00:00"
        },
        {
            "theme": "Tech Conference",
            "reference": "3fa85f64-5717-4562-b3fc-2c963f66afa6",
            "createdAt": null,
            "amount": 30.00,
            "status": "OPEN",
            "venue": "Convention Center A",
            "totalCapacity": 100,
            "availableCapacity": 31,
            "startTime": "2025-06-10T08:00:00.000+00:00",
            "endTime": "2025-06-10T16:00:00.000+00:00"
        },
        {
            "theme": "AI Summit",
            "reference": "c0a8015a-000f-11ee-be56-0242ac120002",
            "createdAt": null,
            "amount": 75.00,
            "status": "FULLY_BOOKED",
            "venue": "Tech Pavilion",
            "totalCapacity": 200,
            "availableCapacity": 0,
            "startTime": "2025-07-01T09:00:00.000+00:00",
            "endTime": "2025-07-01T17:00:00.000+00:00"
        }
    ],
    "hasMore": false,
    "currentPage": 0,
    "totalPages": 1,
    "totalItems": 5
}
Data written to file: ./src/test/resources/EventId.txt
{
    "status": "SUCCESS",
    "data": [
        {
            "theme": "Tech Conference 2025",
            "reference": "c291098f997543e6b5ae3f4d8950b616",
            "createdAt": null,
            "amount": 99.99,
            "status": "OPEN",
            "venue": "Convention Center, London",
            "totalCapacity": 500,
            "availableCapacity": 421,
            "startTime": "2025-08-10T09:00:00.000+00:00",
            "endTime": "2026-08-10T17:00:00.000+00:00"
        },
        {
            "theme": "Art Showcase",
            "reference": "123e4567-e89b-12d3-a456-426614174000",
            "createdAt": null,
            "amount": 20.00,
            "status": "OPEN",
            "venue": "Gallery District",
            "totalCapacity": 80,
            "availableCapacity": 35,
            "startTime": "2025-07-15T10:00:00.000+00:00",
            "endTime": "2025-07-15T16:00:00.000+00:00"
        },
        {
            "theme": "Music Festival",
            "reference": "550e8400-e29b-41d4-a716-446655440000",
            "createdAt": null,
            "amount": 55.00,
            "status": "FULLY_BOOKED",
            "venue": "Open Air Stage",
            "totalCapacity": 500,
            "availableCapacity": 0,
            "startTime": "2025-08-01T14:00:00.000+00:00",
            "endTime": "2025-08-01T22:00:00.000+00:00"
        },
        {
            "theme": "Tech Conference",
            "reference": "3fa85f64-5717-4562-b3fc-2c963f66afa6",
            "createdAt": null,
            "amount": 30.00,
            "status": "OPEN",
            "venue": "Convention Center A",
            "totalCapacity": 100,
            "availableCapacity": 31,
            "startTime": "2025-06-10T08:00:00.000+00:00",
            "endTime": "2025-06-10T16:00:00.000+00:00"
        },
        {
            "theme": "AI Summit",
            "reference": "c0a8015a-000f-11ee-be56-0242ac120002",
            "createdAt": null,
            "amount": 75.00,
            "status": "FULLY_BOOKED",
            "venue": "Tech Pavilion",
            "totalCapacity": 200,
            "availableCapacity": 0,
            "startTime": "2025-07-01T09:00:00.000+00:00",
            "endTime": "2025-07-01T17:00:00.000+00:00"
        }
    ],
    "hasMore": false,
    "currentPage": 0,
    "totalPages": 1,
    "totalItems": 5
}
]]></system-out>
    <system-err><![CDATA[SLF4J: Failed to load class "org.slf4j.impl.StaticLoggerBinder".
SLF4J: Defaulting to no-operation (NOP) logger implementation
SLF4J: See http://www.slf4j.org/codes.html#StaticLoggerBinder for further details.
]]></system-err>
  </testcase>
  <testcase name="createNewBookingTest" classname="testEndPoints.EventManagerEndPointTests" time="0.133">
    <system-out><![CDATA[Request method:	POST
Request URI:	http://localhost:8080/v1/bookings
Proxy:			<none>
Request params:	<none>
Query params:	<none>
Form params:	<none>
Path params:	<none>
Headers:		userId=12345
				Accept=application/json, application/javascript, text/javascript, text/json
				Content-Type=application/json
Cookies:		<none>
Multiparts:		<none>
Body:
{
    "eventReference": "c291098f997543e6b5ae3f4d8950b616",
    "bookingType": "REGULAR",
    "totalCapacity": 0,
    "availableCapacity": 0
}
Request method:	POST
Request URI:	http://localhost:8080/v1/bookings
Proxy:			<none>
Request params:	<none>
Query params:	<none>
Form params:	<none>
Path params:	<none>
Headers:		userId=12345
				Accept=application/json, application/javascript, text/javascript, text/json
				Content-Type=application/json
Cookies:		<none>
Multiparts:		<none>
Body:
{
    "eventReference": "c291098f997543e6b5ae3f4d8950b616",
    "bookingType": "REGULAR",
    "totalCapacity": 0,
    "availableCapacity": 0
}
HTTP/1.1 200 
X-Content-Type-Options: nosniff
X-XSS-Protection: 0
Cache-Control: no-cache, no-store, max-age=0, must-revalidate
Pragma: no-cache
Expires: 0
X-Frame-Options: DENY
Content-Type: application/json
Transfer-Encoding: chunked
Date: Tue, 05 Aug 2025 21:41:54 GMT
Keep-Alive: timeout=60
Connection: keep-alive

{
    "reference": "31898e3fe8014ffb86b26f02bf0e3ea4",
    "createdAt": "2025-08-05T21:41:54.559+00:00",
    "fee": 99.99,
    "status": "SUCCESSFUL",
    "admissionNumber": null,
    "type": "REGULAR",
    "eventName": "Tech Conference 2025",
    "eventVenue": "Convention Center, London"
}
HTTP/1.1 200 
X-Content-Type-Options: nosniff
X-XSS-Protection: 0
Cache-Control: no-cache, no-store, max-age=0, must-revalidate
Pragma: no-cache
Expires: 0
X-Frame-Options: DENY
Content-Type: application/json
Transfer-Encoding: chunked
Date: Tue, 05 Aug 2025 21:41:54 GMT
Keep-Alive: timeout=60
Connection: keep-alive

{
    "reference": "31898e3fe8014ffb86b26f02bf0e3ea4",
    "createdAt": "2025-08-05T21:41:54.559+00:00",
    "fee": 99.99,
    "status": "SUCCESSFUL",
    "admissionNumber": null,
    "type": "REGULAR",
    "eventName": "Tech Conference 2025",
    "eventVenue": "Convention Center, London"
}
Data written to file: ./src/test/resources/bookingId.txt
{
    "reference": "31898e3fe8014ffb86b26f02bf0e3ea4",
    "createdAt": "2025-08-05T21:41:54.559+00:00",
    "fee": 99.99,
    "status": "SUCCESSFUL",
    "admissionNumber": null,
    "type": "REGULAR",
    "eventName": "Tech Conference 2025",
    "eventVenue": "Convention Center, London"
}
]]></system-out>
  </testcase>
  <testcase name="cancelBookingTest" classname="testEndPoints.EventManagerEndPointTests" time="0.018">
    <system-out><![CDATA[Request method:	PUT
Request URI:	http://localhost:8080/v1/bookings/31898e3fe8014ffb86b26f02bf0e3ea4/cancel
Proxy:			<none>
Request params:	<none>
Query params:	<none>
Form params:	<none>
Path params:	bookingReference=31898e3fe8014ffb86b26f02bf0e3ea4
Headers:		userId=12345
				Accept=*/*
				Content-Type=application/json
Cookies:		<none>
Multiparts:		<none>
Body:			<none>
Request method:	PUT
Request URI:	http://localhost:8080/v1/bookings/31898e3fe8014ffb86b26f02bf0e3ea4/cancel
Proxy:			<none>
Request params:	<none>
Query params:	<none>
Form params:	<none>
Path params:	bookingReference=31898e3fe8014ffb86b26f02bf0e3ea4
Headers:		userId=12345
				Accept=*/*
				Content-Type=application/json
Cookies:		<none>
Multiparts:		<none>
Body:			<none>
Request method:	PUT
Request URI:	http://localhost:8080/v1/bookings/31898e3fe8014ffb86b26f02bf0e3ea4/cancel
Proxy:			<none>
Request params:	<none>
Query params:	<none>
Form params:	<none>
Path params:	bookingReference=31898e3fe8014ffb86b26f02bf0e3ea4
Headers:		userId=12345
				Accept=*/*
				Content-Type=application/json
Cookies:		<none>
Multiparts:		<none>
Body:			<none>
HTTP/1.1 200 
X-Content-Type-Options: nosniff
X-XSS-Protection: 0
Cache-Control: no-cache, no-store, max-age=0, must-revalidate
Pragma: no-cache
Expires: 0
X-Frame-Options: DENY
Content-Length: 0
Date: Tue, 05 Aug 2025 21:41:54 GMT
Keep-Alive: timeout=60
Connection: keep-alive
HTTP/1.1 200 
X-Content-Type-Options: nosniff
X-XSS-Protection: 0
Cache-Control: no-cache, no-store, max-age=0, must-revalidate
Pragma: no-cache
Expires: 0
X-Frame-Options: DENY
Content-Length: 0
Date: Tue, 05 Aug 2025 21:41:54 GMT
Keep-Alive: timeout=60
Connection: keep-alive
HTTP/1.1 200 
X-Content-Type-Options: nosniff
X-XSS-Protection: 0
Cache-Control: no-cache, no-store, max-age=0, must-revalidate
Pragma: no-cache
Expires: 0
X-Frame-Options: DENY
Content-Length: 0
Date: Tue, 05 Aug 2025 21:41:54 GMT
Keep-Alive: timeout=60
Connection: keep-alive

]]></system-out>
  </testcase>
  <testcase name="parameterizationTest[REGULAR](1)" classname="testEndPoints.EventManagerEndPointTests" time="0.041">
    <system-out><![CDATA[Request method:	POST
Request URI:	http://localhost:8080/v1/bookings
Proxy:			<none>
Request params:	<none>
Query params:	<none>
Form params:	<none>
Path params:	<none>
Headers:		userId=12345
				Accept=application/json, application/javascript, text/javascript, text/json
				Content-Type=application/json
Cookies:		<none>
Multiparts:		<none>
Body:
{
    "eventReference": "c291098f997543e6b5ae3f4d8950b616",
    "bookingType": "REGULAR",
    "totalCapacity": 0,
    "availableCapacity": 0
}
Request method:	POST
Request URI:	http://localhost:8080/v1/bookings
Proxy:			<none>
Request params:	<none>
Query params:	<none>
Form params:	<none>
Path params:	<none>
Headers:		userId=12345
				Accept=application/json, application/javascript, text/javascript, text/json
				Content-Type=application/json
Cookies:		<none>
Multiparts:		<none>
Body:
{
    "eventReference": "c291098f997543e6b5ae3f4d8950b616",
    "bookingType": "REGULAR",
    "totalCapacity": 0,
    "availableCapacity": 0
}
Request method:	POST
Request URI:	http://localhost:8080/v1/bookings
Proxy:			<none>
Request params:	<none>
Query params:	<none>
Form params:	<none>
Path params:	<none>
Headers:		userId=12345
				Accept=application/json, application/javascript, text/javascript, text/json
				Content-Type=application/json
Cookies:		<none>
Multiparts:		<none>
Body:
{
    "eventReference": "c291098f997543e6b5ae3f4d8950b616",
    "bookingType": "REGULAR",
    "totalCapacity": 0,
    "availableCapacity": 0
}
Request method:	POST
Request URI:	http://localhost:8080/v1/bookings
Proxy:			<none>
Request params:	<none>
Query params:	<none>
Form params:	<none>
Path params:	<none>
Headers:		userId=12345
				Accept=application/json, application/javascript, text/javascript, text/json
				Content-Type=application/json
Cookies:		<none>
Multiparts:		<none>
Body:
{
    "eventReference": "c291098f997543e6b5ae3f4d8950b616",
    "bookingType": "REGULAR",
    "totalCapacity": 0,
    "availableCapacity": 0
}
HTTP/1.1 200 
X-Content-Type-Options: nosniff
X-XSS-Protection: 0
Cache-Control: no-cache, no-store, max-age=0, must-revalidate
Pragma: no-cache
Expires: 0
X-Frame-Options: DENY
Content-Type: application/json
Transfer-Encoding: chunked
Date: Tue, 05 Aug 2025 21:41:54 GMT
Keep-Alive: timeout=60
Connection: keep-alive

{
    "reference": "a0ab95b0524548988ead3f80bcc3150f",
    "createdAt": "2025-08-05T21:41:54.615+00:00",
    "fee": 99.99,
    "status": "SUCCESSFUL",
    "admissionNumber": null,
    "type": "REGULAR",
    "eventName": "Tech Conference 2025",
    "eventVenue": "Convention Center, London"
}
HTTP/1.1 200 
X-Content-Type-Options: nosniff
X-XSS-Protection: 0
Cache-Control: no-cache, no-store, max-age=0, must-revalidate
Pragma: no-cache
Expires: 0
X-Frame-Options: DENY
Content-Type: application/json
Transfer-Encoding: chunked
Date: Tue, 05 Aug 2025 21:41:54 GMT
Keep-Alive: timeout=60
Connection: keep-alive

{
    "reference": "a0ab95b0524548988ead3f80bcc3150f",
    "createdAt": "2025-08-05T21:41:54.615+00:00",
    "fee": 99.99,
    "status": "SUCCESSFUL",
    "admissionNumber": null,
    "type": "REGULAR",
    "eventName": "Tech Conference 2025",
    "eventVenue": "Convention Center, London"
}
HTTP/1.1 200 
X-Content-Type-Options: nosniff
X-XSS-Protection: 0
Cache-Control: no-cache, no-store, max-age=0, must-revalidate
Pragma: no-cache
Expires: 0
X-Frame-Options: DENY
Content-Type: application/json
Transfer-Encoding: chunked
Date: Tue, 05 Aug 2025 21:41:54 GMT
Keep-Alive: timeout=60
Connection: keep-alive

{
    "reference": "a0ab95b0524548988ead3f80bcc3150f",
    "createdAt": "2025-08-05T21:41:54.615+00:00",
    "fee": 99.99,
    "status": "SUCCESSFUL",
    "admissionNumber": null,
    "type": "REGULAR",
    "eventName": "Tech Conference 2025",
    "eventVenue": "Convention Center, London"
}
HTTP/1.1 200 
X-Content-Type-Options: nosniff
X-XSS-Protection: 0
Cache-Control: no-cache, no-store, max-age=0, must-revalidate
Pragma: no-cache
Expires: 0
X-Frame-Options: DENY
Content-Type: application/json
Transfer-Encoding: chunked
Date: Tue, 05 Aug 2025 21:41:54 GMT
Keep-Alive: timeout=60
Connection: keep-alive

{
    "reference": "a0ab95b0524548988ead3f80bcc3150f",
    "createdAt": "2025-08-05T21:41:54.615+00:00",
    "fee": 99.99,
    "status": "SUCCESSFUL",
    "admissionNumber": null,
    "type": "REGULAR",
    "eventName": "Tech Conference 2025",
    "eventVenue": "Convention Center, London"
}
Data written to file: ./src/test/resources/bookingId.txt
{
    "reference": "a0ab95b0524548988ead3f80bcc3150f",
    "createdAt": "2025-08-05T21:41:54.615+00:00",
    "fee": 99.99,
    "status": "SUCCESSFUL",
    "admissionNumber": null,
    "type": "REGULAR",
    "eventName": "Tech Conference 2025",
    "eventVenue": "Convention Center, London"
}
]]></system-out>
  </testcase>
  <testcase name="testWithDifferentBooKingTypes[REGULAR](1)" classname="testEndPoints.EventManagerEndPointTests" time="0.038">
    <system-out><![CDATA[Request method:	POST
Request URI:	http://localhost:8080/v1/bookings
Proxy:			<none>
Request params:	<none>
Query params:	<none>
Form params:	<none>
Path params:	<none>
Headers:		userId=12345
				Accept=application/json, application/javascript, text/javascript, text/json
				Content-Type=application/json
Cookies:		<none>
Multiparts:		<none>
Body:
{
    "eventReference": "c291098f997543e6b5ae3f4d8950b616",
    "bookingType": "REGULAR",
    "totalCapacity": 0,
    "availableCapacity": 0
}
Request method:	POST
Request URI:	http://localhost:8080/v1/bookings
Proxy:			<none>
Request params:	<none>
Query params:	<none>
Form params:	<none>
Path params:	<none>
Headers:		userId=12345
				Accept=application/json, application/javascript, text/javascript, text/json
				Content-Type=application/json
Cookies:		<none>
Multiparts:		<none>
Body:
{
    "eventReference": "c291098f997543e6b5ae3f4d8950b616",
    "bookingType": "REGULAR",
    "totalCapacity": 0,
    "availableCapacity": 0
}
Request method:	POST
Request URI:	http://localhost:8080/v1/bookings
Proxy:			<none>
Request params:	<none>
Query params:	<none>
Form params:	<none>
Path params:	<none>
Headers:		userId=12345
				Accept=application/json, application/javascript, text/javascript, text/json
				Content-Type=application/json
Cookies:		<none>
Multiparts:		<none>
Body:
{
    "eventReference": "c291098f997543e6b5ae3f4d8950b616",
    "bookingType": "REGULAR",
    "totalCapacity": 0,
    "availableCapacity": 0
}
Request method:	POST
Request URI:	http://localhost:8080/v1/bookings
Proxy:			<none>
Request params:	<none>
Query params:	<none>
Form params:	<none>
Path params:	<none>
Headers:		userId=12345
				Accept=application/json, application/javascript, text/javascript, text/json
				Content-Type=application/json
Cookies:		<none>
Multiparts:		<none>
Body:
{
    "eventReference": "c291098f997543e6b5ae3f4d8950b616",
    "bookingType": "REGULAR",
    "totalCapacity": 0,
    "availableCapacity": 0
}
Request method:	POST
Request URI:	http://localhost:8080/v1/bookings
Proxy:			<none>
Request params:	<none>
Query params:	<none>
Form params:	<none>
Path params:	<none>
Headers:		userId=12345
				Accept=application/json, application/javascript, text/javascript, text/json
				Content-Type=application/json
Cookies:		<none>
Multiparts:		<none>
Body:
{
    "eventReference": "c291098f997543e6b5ae3f4d8950b616",
    "bookingType": "REGULAR",
    "totalCapacity": 0,
    "availableCapacity": 0
}
HTTP/1.1 200 
X-Content-Type-Options: nosniff
X-XSS-Protection: 0
Cache-Control: no-cache, no-store, max-age=0, must-revalidate
Pragma: no-cache
Expires: 0
X-Frame-Options: DENY
Content-Type: application/json
Transfer-Encoding: chunked
Date: Tue, 05 Aug 2025 21:41:54 GMT
Keep-Alive: timeout=60
Connection: keep-alive

{
    "reference": "6225b492f2aa4ffa97c49fff41b3958b",
    "createdAt": "2025-08-05T21:41:54.659+00:00",
    "fee": 99.99,
    "status": "SUCCESSFUL",
    "admissionNumber": null,
    "type": "REGULAR",
    "eventName": "Tech Conference 2025",
    "eventVenue": "Convention Center, London"
}
HTTP/1.1 200 
X-Content-Type-Options: nosniff
X-XSS-Protection: 0
Cache-Control: no-cache, no-store, max-age=0, must-revalidate
Pragma: no-cache
Expires: 0
X-Frame-Options: DENY
Content-Type: application/json
Transfer-Encoding: chunked
Date: Tue, 05 Aug 2025 21:41:54 GMT
Keep-Alive: timeout=60
Connection: keep-alive

{
    "reference": "6225b492f2aa4ffa97c49fff41b3958b",
    "createdAt": "2025-08-05T21:41:54.659+00:00",
    "fee": 99.99,
    "status": "SUCCESSFUL",
    "admissionNumber": null,
    "type": "REGULAR",
    "eventName": "Tech Conference 2025",
    "eventVenue": "Convention Center, London"
}
HTTP/1.1 200 
X-Content-Type-Options: nosniff
X-XSS-Protection: 0
Cache-Control: no-cache, no-store, max-age=0, must-revalidate
Pragma: no-cache
Expires: 0
X-Frame-Options: DENY
Content-Type: application/json
Transfer-Encoding: chunked
Date: Tue, 05 Aug 2025 21:41:54 GMT
Keep-Alive: timeout=60
Connection: keep-alive

{
    "reference": "6225b492f2aa4ffa97c49fff41b3958b",
    "createdAt": "2025-08-05T21:41:54.659+00:00",
    "fee": 99.99,
    "status": "SUCCESSFUL",
    "admissionNumber": null,
    "type": "REGULAR",
    "eventName": "Tech Conference 2025",
    "eventVenue": "Convention Center, London"
}
HTTP/1.1 200 
X-Content-Type-Options: nosniff
X-XSS-Protection: 0
Cache-Control: no-cache, no-store, max-age=0, must-revalidate
Pragma: no-cache
Expires: 0
X-Frame-Options: DENY
Content-Type: application/json
Transfer-Encoding: chunked
Date: Tue, 05 Aug 2025 21:41:54 GMT
Keep-Alive: timeout=60
Connection: keep-alive

{
    "reference": "6225b492f2aa4ffa97c49fff41b3958b",
    "createdAt": "2025-08-05T21:41:54.659+00:00",
    "fee": 99.99,
    "status": "SUCCESSFUL",
    "admissionNumber": null,
    "type": "REGULAR",
    "eventName": "Tech Conference 2025",
    "eventVenue": "Convention Center, London"
}
HTTP/1.1 200 
X-Content-Type-Options: nosniff
X-XSS-Protection: 0
Cache-Control: no-cache, no-store, max-age=0, must-revalidate
Pragma: no-cache
Expires: 0
X-Frame-Options: DENY
Content-Type: application/json
Transfer-Encoding: chunked
Date: Tue, 05 Aug 2025 21:41:54 GMT
Keep-Alive: timeout=60
Connection: keep-alive

{
    "reference": "6225b492f2aa4ffa97c49fff41b3958b",
    "createdAt": "2025-08-05T21:41:54.659+00:00",
    "fee": 99.99,
    "status": "SUCCESSFUL",
    "admissionNumber": null,
    "type": "REGULAR",
    "eventName": "Tech Conference 2025",
    "eventVenue": "Convention Center, London"
}
Data written to file: ./src/test/resources/bookingId.txt
{
    "reference": "6225b492f2aa4ffa97c49fff41b3958b",
    "createdAt": "2025-08-05T21:41:54.659+00:00",
    "fee": 99.99,
    "status": "SUCCESSFUL",
    "admissionNumber": null,
    "type": "REGULAR",
    "eventName": "Tech Conference 2025",
    "eventVenue": "Convention Center, London"
}
]]></system-out>
  </testcase>
  <testcase name="testWithDifferentBooKingTypes[VIP](2)" classname="testEndPoints.EventManagerEndPointTests" time="0.035">
    <system-out><![CDATA[Request method:	POST
Request URI:	http://localhost:8080/v1/bookings
Proxy:			<none>
Request params:	<none>
Query params:	<none>
Form params:	<none>
Path params:	<none>
Headers:		userId=12345
				Accept=application/json, application/javascript, text/javascript, text/json
				Content-Type=application/json
Cookies:		<none>
Multiparts:		<none>
Body:
{
    "eventReference": "c291098f997543e6b5ae3f4d8950b616",
    "bookingType": "VIP",
    "totalCapacity": 0,
    "availableCapacity": 0
}
Request method:	POST
Request URI:	http://localhost:8080/v1/bookings
Proxy:			<none>
Request params:	<none>
Query params:	<none>
Form params:	<none>
Path params:	<none>
Headers:		userId=12345
				Accept=application/json, application/javascript, text/javascript, text/json
				Content-Type=application/json
Cookies:		<none>
Multiparts:		<none>
Body:
{
    "eventReference": "c291098f997543e6b5ae3f4d8950b616",
    "bookingType": "VIP",
    "totalCapacity": 0,
    "availableCapacity": 0
}
Request method:	POST
Request URI:	http://localhost:8080/v1/bookings
Proxy:			<none>
Request params:	<none>
Query params:	<none>
Form params:	<none>
Path params:	<none>
Headers:		userId=12345
				Accept=application/json, application/javascript, text/javascript, text/json
				Content-Type=application/json
Cookies:		<none>
Multiparts:		<none>
Body:
{
    "eventReference": "c291098f997543e6b5ae3f4d8950b616",
    "bookingType": "VIP",
    "totalCapacity": 0,
    "availableCapacity": 0
}
Request method:	POST
Request URI:	http://localhost:8080/v1/bookings
Proxy:			<none>
Request params:	<none>
Query params:	<none>
Form params:	<none>
Path params:	<none>
Headers:		userId=12345
				Accept=application/json, application/javascript, text/javascript, text/json
				Content-Type=application/json
Cookies:		<none>
Multiparts:		<none>
Body:
{
    "eventReference": "c291098f997543e6b5ae3f4d8950b616",
    "bookingType": "VIP",
    "totalCapacity": 0,
    "availableCapacity": 0
}
Request method:	POST
Request URI:	http://localhost:8080/v1/bookings
Proxy:			<none>
Request params:	<none>
Query params:	<none>
Form params:	<none>
Path params:	<none>
Headers:		userId=12345
				Accept=application/json, application/javascript, text/javascript, text/json
				Content-Type=application/json
Cookies:		<none>
Multiparts:		<none>
Body:
{
    "eventReference": "c291098f997543e6b5ae3f4d8950b616",
    "bookingType": "VIP",
    "totalCapacity": 0,
    "availableCapacity": 0
}
Request method:	POST
Request URI:	http://localhost:8080/v1/bookings
Proxy:			<none>
Request params:	<none>
Query params:	<none>
Form params:	<none>
Path params:	<none>
Headers:		userId=12345
				Accept=application/json, application/javascript, text/javascript, text/json
				Content-Type=application/json
Cookies:		<none>
Multiparts:		<none>
Body:
{
    "eventReference": "c291098f997543e6b5ae3f4d8950b616",
    "bookingType": "VIP",
    "totalCapacity": 0,
    "availableCapacity": 0
}
HTTP/1.1 200 
X-Content-Type-Options: nosniff
X-XSS-Protection: 0
Cache-Control: no-cache, no-store, max-age=0, must-revalidate
Pragma: no-cache
Expires: 0
X-Frame-Options: DENY
Content-Type: application/json
Transfer-Encoding: chunked
Date: Tue, 05 Aug 2025 21:41:54 GMT
Keep-Alive: timeout=60
Connection: keep-alive

{
    "reference": "5fc54fd8745940fd8e57bf66979278a3",
    "createdAt": "2025-08-05T21:41:54.693+00:00",
    "fee": 99.99,
    "status": "SUCCESSFUL",
    "admissionNumber": null,
    "type": "VIP",
    "eventName": "Tech Conference 2025",
    "eventVenue": "Convention Center, London"
}
HTTP/1.1 200 
X-Content-Type-Options: nosniff
X-XSS-Protection: 0
Cache-Control: no-cache, no-store, max-age=0, must-revalidate
Pragma: no-cache
Expires: 0
X-Frame-Options: DENY
Content-Type: application/json
Transfer-Encoding: chunked
Date: Tue, 05 Aug 2025 21:41:54 GMT
Keep-Alive: timeout=60
Connection: keep-alive

{
    "reference": "5fc54fd8745940fd8e57bf66979278a3",
    "createdAt": "2025-08-05T21:41:54.693+00:00",
    "fee": 99.99,
    "status": "SUCCESSFUL",
    "admissionNumber": null,
    "type": "VIP",
    "eventName": "Tech Conference 2025",
    "eventVenue": "Convention Center, London"
}
HTTP/1.1 200 
X-Content-Type-Options: nosniff
X-XSS-Protection: 0
Cache-Control: no-cache, no-store, max-age=0, must-revalidate
Pragma: no-cache
Expires: 0
X-Frame-Options: DENY
Content-Type: application/json
Transfer-Encoding: chunked
Date: Tue, 05 Aug 2025 21:41:54 GMT
Keep-Alive: timeout=60
Connection: keep-alive

{
    "reference": "5fc54fd8745940fd8e57bf66979278a3",
    "createdAt": "2025-08-05T21:41:54.693+00:00",
    "fee": 99.99,
    "status": "SUCCESSFUL",
    "admissionNumber": null,
    "type": "VIP",
    "eventName": "Tech Conference 2025",
    "eventVenue": "Convention Center, London"
}
HTTP/1.1 200 
X-Content-Type-Options: nosniff
X-XSS-Protection: 0
Cache-Control: no-cache, no-store, max-age=0, must-revalidate
Pragma: no-cache
Expires: 0
X-Frame-Options: DENY
Content-Type: application/json
Transfer-Encoding: chunked
Date: Tue, 05 Aug 2025 21:41:54 GMT
Keep-Alive: timeout=60
Connection: keep-alive

{
    "reference": "5fc54fd8745940fd8e57bf66979278a3",
    "createdAt": "2025-08-05T21:41:54.693+00:00",
    "fee": 99.99,
    "status": "SUCCESSFUL",
    "admissionNumber": null,
    "type": "VIP",
    "eventName": "Tech Conference 2025",
    "eventVenue": "Convention Center, London"
}
HTTP/1.1 200 
X-Content-Type-Options: nosniff
X-XSS-Protection: 0
Cache-Control: no-cache, no-store, max-age=0, must-revalidate
Pragma: no-cache
Expires: 0
X-Frame-Options: DENY
Content-Type: application/json
Transfer-Encoding: chunked
Date: Tue, 05 Aug 2025 21:41:54 GMT
Keep-Alive: timeout=60
Connection: keep-alive

{
    "reference": "5fc54fd8745940fd8e57bf66979278a3",
    "createdAt": "2025-08-05T21:41:54.693+00:00",
    "fee": 99.99,
    "status": "SUCCESSFUL",
    "admissionNumber": null,
    "type": "VIP",
    "eventName": "Tech Conference 2025",
    "eventVenue": "Convention Center, London"
}
HTTP/1.1 200 
X-Content-Type-Options: nosniff
X-XSS-Protection: 0
Cache-Control: no-cache, no-store, max-age=0, must-revalidate
Pragma: no-cache
Expires: 0
X-Frame-Options: DENY
Content-Type: application/json
Transfer-Encoding: chunked
Date: Tue, 05 Aug 2025 21:41:54 GMT
Keep-Alive: timeout=60
Connection: keep-alive

{
    "reference": "5fc54fd8745940fd8e57bf66979278a3",
    "createdAt": "2025-08-05T21:41:54.693+00:00",
    "fee": 99.99,
    "status": "SUCCESSFUL",
    "admissionNumber": null,
    "type": "VIP",
    "eventName": "Tech Conference 2025",
    "eventVenue": "Convention Center, London"
}
Data written to file: ./src/test/resources/bookingId.txt
{
    "reference": "5fc54fd8745940fd8e57bf66979278a3",
    "createdAt": "2025-08-05T21:41:54.693+00:00",
    "fee": 99.99,
    "status": "SUCCESSFUL",
    "admissionNumber": null,
    "type": "VIP",
    "eventName": "Tech Conference 2025",
    "eventVenue": "Convention Center, London"
}
]]></system-out>
  </testcase>
  <testcase name="testAvailableCapacityReducesAfterBooking" classname="testEndPoints.EventManagerEndPointTests" time="0.067">
    <system-out><![CDATA[Request method:	GET
Request URI:	http://localhost:8080/v1/events
Proxy:			<none>
Request params:	<none>
Query params:	<none>
Form params:	<none>
Path params:	<none>
Headers:		Accept=*/*
Cookies:		<none>
Multiparts:		<none>
Body:			<none>
Request method:	GET
Request URI:	http://localhost:8080/v1/events
Proxy:			<none>
Request params:	<none>
Query params:	<none>
Form params:	<none>
Path params:	<none>
Headers:		Accept=*/*
Cookies:		<none>
Multiparts:		<none>
Body:			<none>
Request method:	GET
Request URI:	http://localhost:8080/v1/events
Proxy:			<none>
Request params:	<none>
Query params:	<none>
Form params:	<none>
Path params:	<none>
Headers:		Accept=*/*
Cookies:		<none>
Multiparts:		<none>
Body:			<none>
Request method:	GET
Request URI:	http://localhost:8080/v1/events
Proxy:			<none>
Request params:	<none>
Query params:	<none>
Form params:	<none>
Path params:	<none>
Headers:		Accept=*/*
Cookies:		<none>
Multiparts:		<none>
Body:			<none>
Request method:	GET
Request URI:	http://localhost:8080/v1/events
Proxy:			<none>
Request params:	<none>
Query params:	<none>
Form params:	<none>
Path params:	<none>
Headers:		Accept=*/*
Cookies:		<none>
Multiparts:		<none>
Body:			<none>
Request method:	GET
Request URI:	http://localhost:8080/v1/events
Proxy:			<none>
Request params:	<none>
Query params:	<none>
Form params:	<none>
Path params:	<none>
Headers:		Accept=*/*
Cookies:		<none>
Multiparts:		<none>
Body:			<none>
Request method:	GET
Request URI:	http://localhost:8080/v1/events
Proxy:			<none>
Request params:	<none>
Query params:	<none>
Form params:	<none>
Path params:	<none>
Headers:		Accept=*/*
Cookies:		<none>
Multiparts:		<none>
Body:			<none>
HTTP/1.1 200 
X-Content-Type-Options: nosniff
X-XSS-Protection: 0
Cache-Control: no-cache, no-store, max-age=0, must-revalidate
Pragma: no-cache
Expires: 0
X-Frame-Options: DENY
Content-Type: application/json
Transfer-Encoding: chunked
Date: Tue, 05 Aug 2025 21:41:54 GMT
Keep-Alive: timeout=60
Connection: keep-alive

{
    "status": "SUCCESS",
    "data": [
        {
            "theme": "Tech Conference 2025",
            "reference": "c291098f997543e6b5ae3f4d8950b616",
            "createdAt": null,
            "amount": 99.99,
            "status": "OPEN",
            "venue": "Convention Center, London",
            "totalCapacity": 500,
            "availableCapacity": 417,
            "startTime": "2025-08-10T09:00:00.000+00:00",
            "endTime": "2026-08-10T17:00:00.000+00:00"
        },
        {
            "theme": "Music Festival",
            "reference": "550e8400-e29b-41d4-a716-446655440000",
            "createdAt": null,
            "amount": 55.00,
            "status": "FULLY_BOOKED",
            "venue": "Open Air Stage",
            "totalCapacity": 500,
            "availableCapacity": 0,
            "startTime": "2025-08-01T14:00:00.000+00:00",
            "endTime": "2025-08-01T22:00:00.000+00:00"
        },
        {
            "theme": "AI Summit",
            "reference": "c0a8015a-000f-11ee-be56-0242ac120002",
            "createdAt": null,
            "amount": 75.00,
            "status": "FULLY_BOOKED",
            "venue": "Tech Pavilion",
            "totalCapacity": 200,
            "availableCapacity": 0,
            "startTime": "2025-07-01T09:00:00.000+00:00",
            "endTime": "2025-07-01T17:00:00.000+00:00"
        },
        {
            "theme": "Tech Conference",
            "reference": "3fa85f64-5717-4562-b3fc-2c963f66afa6",
            "createdAt": null,
            "amount": 30.00,
            "status": "OPEN",
            "venue": "Convention Center A",
            "totalCapacity": 100,
            "availableCapacity": 31,
            "startTime": "2025-06-10T08:00:00.000+00:00",
            "endTime": "2025-06-10T16:00:00.000+00:00"
        },
        {
            "theme": "Art Showcase",
            "reference": "123e4567-e89b-12d3-a456-426614174000",
            "createdAt": null,
            "amount": 20.00,
            "status": "OPEN",
            "venue": "Gallery District",
            "totalCapacity": 80,
            "availableCapacity": 35,
            "startTime": "2025-07-15T10:00:00.000+00:00",
            "endTime": "2025-07-15T16:00:00.000+00:00"
        }
    ],
    "hasMore": false,
    "currentPage": 0,
    "totalPages": 1,
    "totalItems": 5
}
HTTP/1.1 200 
X-Content-Type-Options: nosniff
X-XSS-Protection: 0
Cache-Control: no-cache, no-store, max-age=0, must-revalidate
Pragma: no-cache
Expires: 0
X-Frame-Options: DENY
Content-Type: application/json
Transfer-Encoding: chunked
Date: Tue, 05 Aug 2025 21:41:54 GMT
Keep-Alive: timeout=60
Connection: keep-alive

{
    "status": "SUCCESS",
    "data": [
        {
            "theme": "Tech Conference 2025",
            "reference": "c291098f997543e6b5ae3f4d8950b616",
            "createdAt": null,
            "amount": 99.99,
            "status": "OPEN",
            "venue": "Convention Center, London",
            "totalCapacity": 500,
            "availableCapacity": 417,
            "startTime": "2025-08-10T09:00:00.000+00:00",
            "endTime": "2026-08-10T17:00:00.000+00:00"
        },
        {
            "theme": "Music Festival",
            "reference": "550e8400-e29b-41d4-a716-446655440000",
            "createdAt": null,
            "amount": 55.00,
            "status": "FULLY_BOOKED",
            "venue": "Open Air Stage",
            "totalCapacity": 500,
            "availableCapacity": 0,
            "startTime": "2025-08-01T14:00:00.000+00:00",
            "endTime": "2025-08-01T22:00:00.000+00:00"
        },
        {
            "theme": "AI Summit",
            "reference": "c0a8015a-000f-11ee-be56-0242ac120002",
            "createdAt": null,
            "amount": 75.00,
            "status": "FULLY_BOOKED",
            "venue": "Tech Pavilion",
            "totalCapacity": 200,
            "availableCapacity": 0,
            "startTime": "2025-07-01T09:00:00.000+00:00",
            "endTime": "2025-07-01T17:00:00.000+00:00"
        },
        {
            "theme": "Tech Conference",
            "reference": "3fa85f64-5717-4562-b3fc-2c963f66afa6",
            "createdAt": null,
            "amount": 30.00,
            "status": "OPEN",
            "venue": "Convention Center A",
            "totalCapacity": 100,
            "availableCapacity": 31,
            "startTime": "2025-06-10T08:00:00.000+00:00",
            "endTime": "2025-06-10T16:00:00.000+00:00"
        },
        {
            "theme": "Art Showcase",
            "reference": "123e4567-e89b-12d3-a456-426614174000",
            "createdAt": null,
            "amount": 20.00,
            "status": "OPEN",
            "venue": "Gallery District",
            "totalCapacity": 80,
            "availableCapacity": 35,
            "startTime": "2025-07-15T10:00:00.000+00:00",
            "endTime": "2025-07-15T16:00:00.000+00:00"
        }
    ],
    "hasMore": false,
    "currentPage": 0,
    "totalPages": 1,
    "totalItems": 5
}
HTTP/1.1 200 
X-Content-Type-Options: nosniff
X-XSS-Protection: 0
Cache-Control: no-cache, no-store, max-age=0, must-revalidate
Pragma: no-cache
Expires: 0
X-Frame-Options: DENY
Content-Type: application/json
Transfer-Encoding: chunked
Date: Tue, 05 Aug 2025 21:41:54 GMT
Keep-Alive: timeout=60
Connection: keep-alive

{
    "status": "SUCCESS",
    "data": [
        {
            "theme": "Tech Conference 2025",
            "reference": "c291098f997543e6b5ae3f4d8950b616",
            "createdAt": null,
            "amount": 99.99,
            "status": "OPEN",
            "venue": "Convention Center, London",
            "totalCapacity": 500,
            "availableCapacity": 417,
            "startTime": "2025-08-10T09:00:00.000+00:00",
            "endTime": "2026-08-10T17:00:00.000+00:00"
        },
        {
            "theme": "Music Festival",
            "reference": "550e8400-e29b-41d4-a716-446655440000",
            "createdAt": null,
            "amount": 55.00,
            "status": "FULLY_BOOKED",
            "venue": "Open Air Stage",
            "totalCapacity": 500,
            "availableCapacity": 0,
            "startTime": "2025-08-01T14:00:00.000+00:00",
            "endTime": "2025-08-01T22:00:00.000+00:00"
        },
        {
            "theme": "AI Summit",
            "reference": "c0a8015a-000f-11ee-be56-0242ac120002",
            "createdAt": null,
            "amount": 75.00,
            "status": "FULLY_BOOKED",
            "venue": "Tech Pavilion",
            "totalCapacity": 200,
            "availableCapacity": 0,
            "startTime": "2025-07-01T09:00:00.000+00:00",
            "endTime": "2025-07-01T17:00:00.000+00:00"
        },
        {
            "theme": "Tech Conference",
            "reference": "3fa85f64-5717-4562-b3fc-2c963f66afa6",
            "createdAt": null,
            "amount": 30.00,
            "status": "OPEN",
            "venue": "Convention Center A",
            "totalCapacity": 100,
            "availableCapacity": 31,
            "startTime": "2025-06-10T08:00:00.000+00:00",
            "endTime": "2025-06-10T16:00:00.000+00:00"
        },
        {
            "theme": "Art Showcase",
            "reference": "123e4567-e89b-12d3-a456-426614174000",
            "createdAt": null,
            "amount": 20.00,
            "status": "OPEN",
            "venue": "Gallery District",
            "totalCapacity": 80,
            "availableCapacity": 35,
            "startTime": "2025-07-15T10:00:00.000+00:00",
            "endTime": "2025-07-15T16:00:00.000+00:00"
        }
    ],
    "hasMore": false,
    "currentPage": 0,
    "totalPages": 1,
    "totalItems": 5
}
HTTP/1.1 200 
X-Content-Type-Options: nosniff
X-XSS-Protection: 0
Cache-Control: no-cache, no-store, max-age=0, must-revalidate
Pragma: no-cache
Expires: 0
X-Frame-Options: DENY
Content-Type: application/json
Transfer-Encoding: chunked
Date: Tue, 05 Aug 2025 21:41:54 GMT
Keep-Alive: timeout=60
Connection: keep-alive

{
    "status": "SUCCESS",
    "data": [
        {
            "theme": "Tech Conference 2025",
            "reference": "c291098f997543e6b5ae3f4d8950b616",
            "createdAt": null,
            "amount": 99.99,
            "status": "OPEN",
            "venue": "Convention Center, London",
            "totalCapacity": 500,
            "availableCapacity": 417,
            "startTime": "2025-08-10T09:00:00.000+00:00",
            "endTime": "2026-08-10T17:00:00.000+00:00"
        },
        {
            "theme": "Music Festival",
            "reference": "550e8400-e29b-41d4-a716-446655440000",
            "createdAt": null,
            "amount": 55.00,
            "status": "FULLY_BOOKED",
            "venue": "Open Air Stage",
            "totalCapacity": 500,
            "availableCapacity": 0,
            "startTime": "2025-08-01T14:00:00.000+00:00",
            "endTime": "2025-08-01T22:00:00.000+00:00"
        },
        {
            "theme": "AI Summit",
            "reference": "c0a8015a-000f-11ee-be56-0242ac120002",
            "createdAt": null,
            "amount": 75.00,
            "status": "FULLY_BOOKED",
            "venue": "Tech Pavilion",
            "totalCapacity": 200,
            "availableCapacity": 0,
            "startTime": "2025-07-01T09:00:00.000+00:00",
            "endTime": "2025-07-01T17:00:00.000+00:00"
        },
        {
            "theme": "Tech Conference",
            "reference": "3fa85f64-5717-4562-b3fc-2c963f66afa6",
            "createdAt": null,
            "amount": 30.00,
            "status": "OPEN",
            "venue": "Convention Center A",
            "totalCapacity": 100,
            "availableCapacity": 31,
            "startTime": "2025-06-10T08:00:00.000+00:00",
            "endTime": "2025-06-10T16:00:00.000+00:00"
        },
        {
            "theme": "Art Showcase",
            "reference": "123e4567-e89b-12d3-a456-426614174000",
            "createdAt": null,
            "amount": 20.00,
            "status": "OPEN",
            "venue": "Gallery District",
            "totalCapacity": 80,
            "availableCapacity": 35,
            "startTime": "2025-07-15T10:00:00.000+00:00",
            "endTime": "2025-07-15T16:00:00.000+00:00"
        }
    ],
    "hasMore": false,
    "currentPage": 0,
    "totalPages": 1,
    "totalItems": 5
}
HTTP/1.1 200 
X-Content-Type-Options: nosniff
X-XSS-Protection: 0
Cache-Control: no-cache, no-store, max-age=0, must-revalidate
Pragma: no-cache
Expires: 0
X-Frame-Options: DENY
Content-Type: application/json
Transfer-Encoding: chunked
Date: Tue, 05 Aug 2025 21:41:54 GMT
Keep-Alive: timeout=60
Connection: keep-alive

{
    "status": "SUCCESS",
    "data": [
        {
            "theme": "Tech Conference 2025",
            "reference": "c291098f997543e6b5ae3f4d8950b616",
            "createdAt": null,
            "amount": 99.99,
            "status": "OPEN",
            "venue": "Convention Center, London",
            "totalCapacity": 500,
            "availableCapacity": 417,
            "startTime": "2025-08-10T09:00:00.000+00:00",
            "endTime": "2026-08-10T17:00:00.000+00:00"
        },
        {
            "theme": "Music Festival",
            "reference": "550e8400-e29b-41d4-a716-446655440000",
            "createdAt": null,
            "amount": 55.00,
            "status": "FULLY_BOOKED",
            "venue": "Open Air Stage",
            "totalCapacity": 500,
            "availableCapacity": 0,
            "startTime": "2025-08-01T14:00:00.000+00:00",
            "endTime": "2025-08-01T22:00:00.000+00:00"
        },
        {
            "theme": "AI Summit",
            "reference": "c0a8015a-000f-11ee-be56-0242ac120002",
            "createdAt": null,
            "amount": 75.00,
            "status": "FULLY_BOOKED",
            "venue": "Tech Pavilion",
            "totalCapacity": 200,
            "availableCapacity": 0,
            "startTime": "2025-07-01T09:00:00.000+00:00",
            "endTime": "2025-07-01T17:00:00.000+00:00"
        },
        {
            "theme": "Tech Conference",
            "reference": "3fa85f64-5717-4562-b3fc-2c963f66afa6",
            "createdAt": null,
            "amount": 30.00,
            "status": "OPEN",
            "venue": "Convention Center A",
            "totalCapacity": 100,
            "availableCapacity": 31,
            "startTime": "2025-06-10T08:00:00.000+00:00",
            "endTime": "2025-06-10T16:00:00.000+00:00"
        },
        {
            "theme": "Art Showcase",
            "reference": "123e4567-e89b-12d3-a456-426614174000",
            "createdAt": null,
            "amount": 20.00,
            "status": "OPEN",
            "venue": "Gallery District",
            "totalCapacity": 80,
            "availableCapacity": 35,
            "startTime": "2025-07-15T10:00:00.000+00:00",
            "endTime": "2025-07-15T16:00:00.000+00:00"
        }
    ],
    "hasMore": false,
    "currentPage": 0,
    "totalPages": 1,
    "totalItems": 5
}
HTTP/1.1 200 
X-Content-Type-Options: nosniff
X-XSS-Protection: 0
Cache-Control: no-cache, no-store, max-age=0, must-revalidate
Pragma: no-cache
Expires: 0
X-Frame-Options: DENY
Content-Type: application/json
Transfer-Encoding: chunked
Date: Tue, 05 Aug 2025 21:41:54 GMT
Keep-Alive: timeout=60
Connection: keep-alive

{
    "status": "SUCCESS",
    "data": [
        {
            "theme": "Tech Conference 2025",
            "reference": "c291098f997543e6b5ae3f4d8950b616",
            "createdAt": null,
            "amount": 99.99,
            "status": "OPEN",
            "venue": "Convention Center, London",
            "totalCapacity": 500,
            "availableCapacity": 417,
            "startTime": "2025-08-10T09:00:00.000+00:00",
            "endTime": "2026-08-10T17:00:00.000+00:00"
        },
        {
            "theme": "Music Festival",
            "reference": "550e8400-e29b-41d4-a716-446655440000",
            "createdAt": null,
            "amount": 55.00,
            "status": "FULLY_BOOKED",
            "venue": "Open Air Stage",
            "totalCapacity": 500,
            "availableCapacity": 0,
            "startTime": "2025-08-01T14:00:00.000+00:00",
            "endTime": "2025-08-01T22:00:00.000+00:00"
        },
        {
            "theme": "AI Summit",
            "reference": "c0a8015a-000f-11ee-be56-0242ac120002",
            "createdAt": null,
            "amount": 75.00,
            "status": "FULLY_BOOKED",
            "venue": "Tech Pavilion",
            "totalCapacity": 200,
            "availableCapacity": 0,
            "startTime": "2025-07-01T09:00:00.000+00:00",
            "endTime": "2025-07-01T17:00:00.000+00:00"
        },
        {
            "theme": "Tech Conference",
            "reference": "3fa85f64-5717-4562-b3fc-2c963f66afa6",
            "createdAt": null,
            "amount": 30.00,
            "status": "OPEN",
            "venue": "Convention Center A",
            "totalCapacity": 100,
            "availableCapacity": 31,
            "startTime": "2025-06-10T08:00:00.000+00:00",
            "endTime": "2025-06-10T16:00:00.000+00:00"
        },
        {
            "theme": "Art Showcase",
            "reference": "123e4567-e89b-12d3-a456-426614174000",
            "createdAt": null,
            "amount": 20.00,
            "status": "OPEN",
            "venue": "Gallery District",
            "totalCapacity": 80,
            "availableCapacity": 35,
            "startTime": "2025-07-15T10:00:00.000+00:00",
            "endTime": "2025-07-15T16:00:00.000+00:00"
        }
    ],
    "hasMore": false,
    "currentPage": 0,
    "totalPages": 1,
    "totalItems": 5
}
HTTP/1.1 200 
X-Content-Type-Options: nosniff
X-XSS-Protection: 0
Cache-Control: no-cache, no-store, max-age=0, must-revalidate
Pragma: no-cache
Expires: 0
X-Frame-Options: DENY
Content-Type: application/json
Transfer-Encoding: chunked
Date: Tue, 05 Aug 2025 21:41:54 GMT
Keep-Alive: timeout=60
Connection: keep-alive

{
    "status": "SUCCESS",
    "data": [
        {
            "theme": "Tech Conference 2025",
            "reference": "c291098f997543e6b5ae3f4d8950b616",
            "createdAt": null,
            "amount": 99.99,
            "status": "OPEN",
            "venue": "Convention Center, London",
            "totalCapacity": 500,
            "availableCapacity": 417,
            "startTime": "2025-08-10T09:00:00.000+00:00",
            "endTime": "2026-08-10T17:00:00.000+00:00"
        },
        {
            "theme": "Music Festival",
            "reference": "550e8400-e29b-41d4-a716-446655440000",
            "createdAt": null,
            "amount": 55.00,
            "status": "FULLY_BOOKED",
            "venue": "Open Air Stage",
            "totalCapacity": 500,
            "availableCapacity": 0,
            "startTime": "2025-08-01T14:00:00.000+00:00",
            "endTime": "2025-08-01T22:00:00.000+00:00"
        },
        {
            "theme": "AI Summit",
            "reference": "c0a8015a-000f-11ee-be56-0242ac120002",
            "createdAt": null,
            "amount": 75.00,
            "status": "FULLY_BOOKED",
            "venue": "Tech Pavilion",
            "totalCapacity": 200,
            "availableCapacity": 0,
            "startTime": "2025-07-01T09:00:00.000+00:00",
            "endTime": "2025-07-01T17:00:00.000+00:00"
        },
        {
            "theme": "Tech Conference",
            "reference": "3fa85f64-5717-4562-b3fc-2c963f66afa6",
            "createdAt": null,
            "amount": 30.00,
            "status": "OPEN",
            "venue": "Convention Center A",
            "totalCapacity": 100,
            "availableCapacity": 31,
            "startTime": "2025-06-10T08:00:00.000+00:00",
            "endTime": "2025-06-10T16:00:00.000+00:00"
        },
        {
            "theme": "Art Showcase",
            "reference": "123e4567-e89b-12d3-a456-426614174000",
            "createdAt": null,
            "amount": 20.00,
            "status": "OPEN",
            "venue": "Gallery District",
            "totalCapacity": 80,
            "availableCapacity": 35,
            "startTime": "2025-07-15T10:00:00.000+00:00",
            "endTime": "2025-07-15T16:00:00.000+00:00"
        }
    ],
    "hasMore": false,
    "currentPage": 0,
    "totalPages": 1,
    "totalItems": 5
}
Request method:	POST
Request URI:	http://localhost:8080/v1/bookings
Proxy:			<none>
Request params:	<none>
Query params:	<none>
Form params:	<none>
Path params:	<none>
Headers:		userId=12345
				Accept=application/json, application/javascript, text/javascript, text/json
				Content-Type=application/json
Cookies:		<none>
Multiparts:		<none>
Body:
{
    "eventReference": "c291098f997543e6b5ae3f4d8950b616",
    "bookingType": "REGULAR",
    "totalCapacity": 0,
    "availableCapacity": 0
}
Request method:	POST
Request URI:	http://localhost:8080/v1/bookings
Proxy:			<none>
Request params:	<none>
Query params:	<none>
Form params:	<none>
Path params:	<none>
Headers:		userId=12345
				Accept=application/json, application/javascript, text/javascript, text/json
				Content-Type=application/json
Cookies:		<none>
Multiparts:		<none>
Body:
{
    "eventReference": "c291098f997543e6b5ae3f4d8950b616",
    "bookingType": "REGULAR",
    "totalCapacity": 0,
    "availableCapacity": 0
}
Request method:	POST
Request URI:	http://localhost:8080/v1/bookings
Proxy:			<none>
Request params:	<none>
Query params:	<none>
Form params:	<none>
Path params:	<none>
Headers:		userId=12345
				Accept=application/json, application/javascript, text/javascript, text/json
				Content-Type=application/json
Cookies:		<none>
Multiparts:		<none>
Body:
{
    "eventReference": "c291098f997543e6b5ae3f4d8950b616",
    "bookingType": "REGULAR",
    "totalCapacity": 0,
    "availableCapacity": 0
}
Request method:	POST
Request URI:	http://localhost:8080/v1/bookings
Proxy:			<none>
Request params:	<none>
Query params:	<none>
Form params:	<none>
Path params:	<none>
Headers:		userId=12345
				Accept=application/json, application/javascript, text/javascript, text/json
				Content-Type=application/json
Cookies:		<none>
Multiparts:		<none>
Body:
{
    "eventReference": "c291098f997543e6b5ae3f4d8950b616",
    "bookingType": "REGULAR",
    "totalCapacity": 0,
    "availableCapacity": 0
}
Request method:	POST
Request URI:	http://localhost:8080/v1/bookings
Proxy:			<none>
Request params:	<none>
Query params:	<none>
Form params:	<none>
Path params:	<none>
Headers:		userId=12345
				Accept=application/json, application/javascript, text/javascript, text/json
				Content-Type=application/json
Cookies:		<none>
Multiparts:		<none>
Body:
{
    "eventReference": "c291098f997543e6b5ae3f4d8950b616",
    "bookingType": "REGULAR",
    "totalCapacity": 0,
    "availableCapacity": 0
}
Request method:	POST
Request URI:	http://localhost:8080/v1/bookings
Proxy:			<none>
Request params:	<none>
Query params:	<none>
Form params:	<none>
Path params:	<none>
Headers:		userId=12345
				Accept=application/json, application/javascript, text/javascript, text/json
				Content-Type=application/json
Cookies:		<none>
Multiparts:		<none>
Body:
{
    "eventReference": "c291098f997543e6b5ae3f4d8950b616",
    "bookingType": "REGULAR",
    "totalCapacity": 0,
    "availableCapacity": 0
}
Request method:	POST
Request URI:	http://localhost:8080/v1/bookings
Proxy:			<none>
Request params:	<none>
Query params:	<none>
Form params:	<none>
Path params:	<none>
Headers:		userId=12345
				Accept=application/json, application/javascript, text/javascript, text/json
				Content-Type=application/json
Cookies:		<none>
Multiparts:		<none>
Body:
{
    "eventReference": "c291098f997543e6b5ae3f4d8950b616",
    "bookingType": "REGULAR",
    "totalCapacity": 0,
    "availableCapacity": 0
}
HTTP/1.1 200 
X-Content-Type-Options: nosniff
X-XSS-Protection: 0
Cache-Control: no-cache, no-store, max-age=0, must-revalidate
Pragma: no-cache
Expires: 0
X-Frame-Options: DENY
Content-Type: application/json
Transfer-Encoding: chunked
Date: Tue, 05 Aug 2025 21:41:54 GMT
Keep-Alive: timeout=60
Connection: keep-alive

{
    "reference": "816ad9010d4842fdae43437b8e444fda",
    "createdAt": "2025-08-05T21:41:54.757+00:00",
    "fee": 99.99,
    "status": "SUCCESSFUL",
    "admissionNumber": null,
    "type": "REGULAR",
    "eventName": "Tech Conference 2025",
    "eventVenue": "Convention Center, London"
}
HTTP/1.1 200 
X-Content-Type-Options: nosniff
X-XSS-Protection: 0
Cache-Control: no-cache, no-store, max-age=0, must-revalidate
Pragma: no-cache
Expires: 0
X-Frame-Options: DENY
Content-Type: application/json
Transfer-Encoding: chunked
Date: Tue, 05 Aug 2025 21:41:54 GMT
Keep-Alive: timeout=60
Connection: keep-alive

{
    "reference": "816ad9010d4842fdae43437b8e444fda",
    "createdAt": "2025-08-05T21:41:54.757+00:00",
    "fee": 99.99,
    "status": "SUCCESSFUL",
    "admissionNumber": null,
    "type": "REGULAR",
    "eventName": "Tech Conference 2025",
    "eventVenue": "Convention Center, London"
}
HTTP/1.1 200 
X-Content-Type-Options: nosniff
X-XSS-Protection: 0
Cache-Control: no-cache, no-store, max-age=0, must-revalidate
Pragma: no-cache
Expires: 0
X-Frame-Options: DENY
Content-Type: application/json
Transfer-Encoding: chunked
Date: Tue, 05 Aug 2025 21:41:54 GMT
Keep-Alive: timeout=60
Connection: keep-alive

{
    "reference": "816ad9010d4842fdae43437b8e444fda",
    "createdAt": "2025-08-05T21:41:54.757+00:00",
    "fee": 99.99,
    "status": "SUCCESSFUL",
    "admissionNumber": null,
    "type": "REGULAR",
    "eventName": "Tech Conference 2025",
    "eventVenue": "Convention Center, London"
}
HTTP/1.1 200 
X-Content-Type-Options: nosniff
X-XSS-Protection: 0
Cache-Control: no-cache, no-store, max-age=0, must-revalidate
Pragma: no-cache
Expires: 0
X-Frame-Options: DENY
Content-Type: application/json
Transfer-Encoding: chunked
Date: Tue, 05 Aug 2025 21:41:54 GMT
Keep-Alive: timeout=60
Connection: keep-alive

{
    "reference": "816ad9010d4842fdae43437b8e444fda",
    "createdAt": "2025-08-05T21:41:54.757+00:00",
    "fee": 99.99,
    "status": "SUCCESSFUL",
    "admissionNumber": null,
    "type": "REGULAR",
    "eventName": "Tech Conference 2025",
    "eventVenue": "Convention Center, London"
}
HTTP/1.1 200 
X-Content-Type-Options: nosniff
X-XSS-Protection: 0
Cache-Control: no-cache, no-store, max-age=0, must-revalidate
Pragma: no-cache
Expires: 0
X-Frame-Options: DENY
Content-Type: application/json
Transfer-Encoding: chunked
Date: Tue, 05 Aug 2025 21:41:54 GMT
Keep-Alive: timeout=60
Connection: keep-alive

{
    "reference": "816ad9010d4842fdae43437b8e444fda",
    "createdAt": "2025-08-05T21:41:54.757+00:00",
    "fee": 99.99,
    "status": "SUCCESSFUL",
    "admissionNumber": null,
    "type": "REGULAR",
    "eventName": "Tech Conference 2025",
    "eventVenue": "Convention Center, London"
}
HTTP/1.1 200 
X-Content-Type-Options: nosniff
X-XSS-Protection: 0
Cache-Control: no-cache, no-store, max-age=0, must-revalidate
Pragma: no-cache
Expires: 0
X-Frame-Options: DENY
Content-Type: application/json
Transfer-Encoding: chunked
Date: Tue, 05 Aug 2025 21:41:54 GMT
Keep-Alive: timeout=60
Connection: keep-alive

{
    "reference": "816ad9010d4842fdae43437b8e444fda",
    "createdAt": "2025-08-05T21:41:54.757+00:00",
    "fee": 99.99,
    "status": "SUCCESSFUL",
    "admissionNumber": null,
    "type": "REGULAR",
    "eventName": "Tech Conference 2025",
    "eventVenue": "Convention Center, London"
}
HTTP/1.1 200 
X-Content-Type-Options: nosniff
X-XSS-Protection: 0
Cache-Control: no-cache, no-store, max-age=0, must-revalidate
Pragma: no-cache
Expires: 0
X-Frame-Options: DENY
Content-Type: application/json
Transfer-Encoding: chunked
Date: Tue, 05 Aug 2025 21:41:54 GMT
Keep-Alive: timeout=60
Connection: keep-alive

{
    "reference": "816ad9010d4842fdae43437b8e444fda",
    "createdAt": "2025-08-05T21:41:54.757+00:00",
    "fee": 99.99,
    "status": "SUCCESSFUL",
    "admissionNumber": null,
    "type": "REGULAR",
    "eventName": "Tech Conference 2025",
    "eventVenue": "Convention Center, London"
}
Request method:	GET
Request URI:	http://localhost:8080/v1/events
Proxy:			<none>
Request params:	<none>
Query params:	<none>
Form params:	<none>
Path params:	<none>
Headers:		Accept=*/*
Cookies:		<none>
Multiparts:		<none>
Body:			<none>
Request method:	GET
Request URI:	http://localhost:8080/v1/events
Proxy:			<none>
Request params:	<none>
Query params:	<none>
Form params:	<none>
Path params:	<none>
Headers:		Accept=*/*
Cookies:		<none>
Multiparts:		<none>
Body:			<none>
Request method:	GET
Request URI:	http://localhost:8080/v1/events
Proxy:			<none>
Request params:	<none>
Query params:	<none>
Form params:	<none>
Path params:	<none>
Headers:		Accept=*/*
Cookies:		<none>
Multiparts:		<none>
Body:			<none>
Request method:	GET
Request URI:	http://localhost:8080/v1/events
Proxy:			<none>
Request params:	<none>
Query params:	<none>
Form params:	<none>
Path params:	<none>
Headers:		Accept=*/*
Cookies:		<none>
Multiparts:		<none>
Body:			<none>
Request method:	GET
Request URI:	http://localhost:8080/v1/events
Proxy:			<none>
Request params:	<none>
Query params:	<none>
Form params:	<none>
Path params:	<none>
Headers:		Accept=*/*
Cookies:		<none>
Multiparts:		<none>
Body:			<none>
Request method:	GET
Request URI:	http://localhost:8080/v1/events
Proxy:			<none>
Request params:	<none>
Query params:	<none>
Form params:	<none>
Path params:	<none>
Headers:		Accept=*/*
Cookies:		<none>
Multiparts:		<none>
Body:			<none>
Request method:	GET
Request URI:	http://localhost:8080/v1/events
Proxy:			<none>
Request params:	<none>
Query params:	<none>
Form params:	<none>
Path params:	<none>
Headers:		Accept=*/*
Cookies:		<none>
Multiparts:		<none>
Body:			<none>
HTTP/1.1 200 
X-Content-Type-Options: nosniff
X-XSS-Protection: 0
Cache-Control: no-cache, no-store, max-age=0, must-revalidate
Pragma: no-cache
Expires: 0
X-Frame-Options: DENY
Content-Type: application/json
Transfer-Encoding: chunked
Date: Tue, 05 Aug 2025 21:41:54 GMT
Keep-Alive: timeout=60
Connection: keep-alive

{
    "status": "SUCCESS",
    "data": [
        {
            "theme": "Tech Conference 2025",
            "reference": "c291098f997543e6b5ae3f4d8950b616",
            "createdAt": null,
            "amount": 99.99,
            "status": "OPEN",
            "venue": "Convention Center, London",
            "totalCapacity": 500,
            "availableCapacity": 416,
            "startTime": "2025-08-10T09:00:00.000+00:00",
            "endTime": "2026-08-10T17:00:00.000+00:00"
        },
        {
            "theme": "Music Festival",
            "reference": "550e8400-e29b-41d4-a716-446655440000",
            "createdAt": null,
            "amount": 55.00,
            "status": "FULLY_BOOKED",
            "venue": "Open Air Stage",
            "totalCapacity": 500,
            "availableCapacity": 0,
            "startTime": "2025-08-01T14:00:00.000+00:00",
            "endTime": "2025-08-01T22:00:00.000+00:00"
        },
        {
            "theme": "Tech Conference",
            "reference": "3fa85f64-5717-4562-b3fc-2c963f66afa6",
            "createdAt": null,
            "amount": 30.00,
            "status": "OPEN",
            "venue": "Convention Center A",
            "totalCapacity": 100,
            "availableCapacity": 31,
            "startTime": "2025-06-10T08:00:00.000+00:00",
            "endTime": "2025-06-10T16:00:00.000+00:00"
        },
        {
            "theme": "Art Showcase",
            "reference": "123e4567-e89b-12d3-a456-426614174000",
            "createdAt": null,
            "amount": 20.00,
            "status": "OPEN",
            "venue": "Gallery District",
            "totalCapacity": 80,
            "availableCapacity": 35,
            "startTime": "2025-07-15T10:00:00.000+00:00",
            "endTime": "2025-07-15T16:00:00.000+00:00"
        },
        {
            "theme": "AI Summit",
            "reference": "c0a8015a-000f-11ee-be56-0242ac120002",
            "createdAt": null,
            "amount": 75.00,
            "status": "FULLY_BOOKED",
            "venue": "Tech Pavilion",
            "totalCapacity": 200,
            "availableCapacity": 0,
            "startTime": "2025-07-01T09:00:00.000+00:00",
            "endTime": "2025-07-01T17:00:00.000+00:00"
        }
    ],
    "hasMore": false,
    "currentPage": 0,
    "totalPages": 1,
    "totalItems": 5
}
HTTP/1.1 200 
X-Content-Type-Options: nosniff
X-XSS-Protection: 0
Cache-Control: no-cache, no-store, max-age=0, must-revalidate
Pragma: no-cache
Expires: 0
X-Frame-Options: DENY
Content-Type: application/json
Transfer-Encoding: chunked
Date: Tue, 05 Aug 2025 21:41:54 GMT
Keep-Alive: timeout=60
Connection: keep-alive

{
    "status": "SUCCESS",
    "data": [
        {
            "theme": "Tech Conference 2025",
            "reference": "c291098f997543e6b5ae3f4d8950b616",
            "createdAt": null,
            "amount": 99.99,
            "status": "OPEN",
            "venue": "Convention Center, London",
            "totalCapacity": 500,
            "availableCapacity": 416,
            "startTime": "2025-08-10T09:00:00.000+00:00",
            "endTime": "2026-08-10T17:00:00.000+00:00"
        },
        {
            "theme": "Music Festival",
            "reference": "550e8400-e29b-41d4-a716-446655440000",
            "createdAt": null,
            "amount": 55.00,
            "status": "FULLY_BOOKED",
            "venue": "Open Air Stage",
            "totalCapacity": 500,
            "availableCapacity": 0,
            "startTime": "2025-08-01T14:00:00.000+00:00",
            "endTime": "2025-08-01T22:00:00.000+00:00"
        },
        {
            "theme": "Tech Conference",
            "reference": "3fa85f64-5717-4562-b3fc-2c963f66afa6",
            "createdAt": null,
            "amount": 30.00,
            "status": "OPEN",
            "venue": "Convention Center A",
            "totalCapacity": 100,
            "availableCapacity": 31,
            "startTime": "2025-06-10T08:00:00.000+00:00",
            "endTime": "2025-06-10T16:00:00.000+00:00"
        },
        {
            "theme": "Art Showcase",
            "reference": "123e4567-e89b-12d3-a456-426614174000",
            "createdAt": null,
            "amount": 20.00,
            "status": "OPEN",
            "venue": "Gallery District",
            "totalCapacity": 80,
            "availableCapacity": 35,
            "startTime": "2025-07-15T10:00:00.000+00:00",
            "endTime": "2025-07-15T16:00:00.000+00:00"
        },
        {
            "theme": "AI Summit",
            "reference": "c0a8015a-000f-11ee-be56-0242ac120002",
            "createdAt": null,
            "amount": 75.00,
            "status": "FULLY_BOOKED",
            "venue": "Tech Pavilion",
            "totalCapacity": 200,
            "availableCapacity": 0,
            "startTime": "2025-07-01T09:00:00.000+00:00",
            "endTime": "2025-07-01T17:00:00.000+00:00"
        }
    ],
    "hasMore": false,
    "currentPage": 0,
    "totalPages": 1,
    "totalItems": 5
}
HTTP/1.1 200 
X-Content-Type-Options: nosniff
X-XSS-Protection: 0
Cache-Control: no-cache, no-store, max-age=0, must-revalidate
Pragma: no-cache
Expires: 0
X-Frame-Options: DENY
Content-Type: application/json
Transfer-Encoding: chunked
Date: Tue, 05 Aug 2025 21:41:54 GMT
Keep-Alive: timeout=60
Connection: keep-alive

{
    "status": "SUCCESS",
    "data": [
        {
            "theme": "Tech Conference 2025",
            "reference": "c291098f997543e6b5ae3f4d8950b616",
            "createdAt": null,
            "amount": 99.99,
            "status": "OPEN",
            "venue": "Convention Center, London",
            "totalCapacity": 500,
            "availableCapacity": 416,
            "startTime": "2025-08-10T09:00:00.000+00:00",
            "endTime": "2026-08-10T17:00:00.000+00:00"
        },
        {
            "theme": "Music Festival",
            "reference": "550e8400-e29b-41d4-a716-446655440000",
            "createdAt": null,
            "amount": 55.00,
            "status": "FULLY_BOOKED",
            "venue": "Open Air Stage",
            "totalCapacity": 500,
            "availableCapacity": 0,
            "startTime": "2025-08-01T14:00:00.000+00:00",
            "endTime": "2025-08-01T22:00:00.000+00:00"
        },
        {
            "theme": "Tech Conference",
            "reference": "3fa85f64-5717-4562-b3fc-2c963f66afa6",
            "createdAt": null,
            "amount": 30.00,
            "status": "OPEN",
            "venue": "Convention Center A",
            "totalCapacity": 100,
            "availableCapacity": 31,
            "startTime": "2025-06-10T08:00:00.000+00:00",
            "endTime": "2025-06-10T16:00:00.000+00:00"
        },
        {
            "theme": "Art Showcase",
            "reference": "123e4567-e89b-12d3-a456-426614174000",
            "createdAt": null,
            "amount": 20.00,
            "status": "OPEN",
            "venue": "Gallery District",
            "totalCapacity": 80,
            "availableCapacity": 35,
            "startTime": "2025-07-15T10:00:00.000+00:00",
            "endTime": "2025-07-15T16:00:00.000+00:00"
        },
        {
            "theme": "AI Summit",
            "reference": "c0a8015a-000f-11ee-be56-0242ac120002",
            "createdAt": null,
            "amount": 75.00,
            "status": "FULLY_BOOKED",
            "venue": "Tech Pavilion",
            "totalCapacity": 200,
            "availableCapacity": 0,
            "startTime": "2025-07-01T09:00:00.000+00:00",
            "endTime": "2025-07-01T17:00:00.000+00:00"
        }
    ],
    "hasMore": false,
    "currentPage": 0,
    "totalPages": 1,
    "totalItems": 5
}
HTTP/1.1 200 
X-Content-Type-Options: nosniff
X-XSS-Protection: 0
Cache-Control: no-cache, no-store, max-age=0, must-revalidate
Pragma: no-cache
Expires: 0
X-Frame-Options: DENY
Content-Type: application/json
Transfer-Encoding: chunked
Date: Tue, 05 Aug 2025 21:41:54 GMT
Keep-Alive: timeout=60
Connection: keep-alive

{
    "status": "SUCCESS",
    "data": [
        {
            "theme": "Tech Conference 2025",
            "reference": "c291098f997543e6b5ae3f4d8950b616",
            "createdAt": null,
            "amount": 99.99,
            "status": "OPEN",
            "venue": "Convention Center, London",
            "totalCapacity": 500,
            "availableCapacity": 416,
            "startTime": "2025-08-10T09:00:00.000+00:00",
            "endTime": "2026-08-10T17:00:00.000+00:00"
        },
        {
            "theme": "Music Festival",
            "reference": "550e8400-e29b-41d4-a716-446655440000",
            "createdAt": null,
            "amount": 55.00,
            "status": "FULLY_BOOKED",
            "venue": "Open Air Stage",
            "totalCapacity": 500,
            "availableCapacity": 0,
            "startTime": "2025-08-01T14:00:00.000+00:00",
            "endTime": "2025-08-01T22:00:00.000+00:00"
        },
        {
            "theme": "Tech Conference",
            "reference": "3fa85f64-5717-4562-b3fc-2c963f66afa6",
            "createdAt": null,
            "amount": 30.00,
            "status": "OPEN",
            "venue": "Convention Center A",
            "totalCapacity": 100,
            "availableCapacity": 31,
            "startTime": "2025-06-10T08:00:00.000+00:00",
            "endTime": "2025-06-10T16:00:00.000+00:00"
        },
        {
            "theme": "Art Showcase",
            "reference": "123e4567-e89b-12d3-a456-426614174000",
            "createdAt": null,
            "amount": 20.00,
            "status": "OPEN",
            "venue": "Gallery District",
            "totalCapacity": 80,
            "availableCapacity": 35,
            "startTime": "2025-07-15T10:00:00.000+00:00",
            "endTime": "2025-07-15T16:00:00.000+00:00"
        },
        {
            "theme": "AI Summit",
            "reference": "c0a8015a-000f-11ee-be56-0242ac120002",
            "createdAt": null,
            "amount": 75.00,
            "status": "FULLY_BOOKED",
            "venue": "Tech Pavilion",
            "totalCapacity": 200,
            "availableCapacity": 0,
            "startTime": "2025-07-01T09:00:00.000+00:00",
            "endTime": "2025-07-01T17:00:00.000+00:00"
        }
    ],
    "hasMore": false,
    "currentPage": 0,
    "totalPages": 1,
    "totalItems": 5
}
HTTP/1.1 200 
X-Content-Type-Options: nosniff
X-XSS-Protection: 0
Cache-Control: no-cache, no-store, max-age=0, must-revalidate
Pragma: no-cache
Expires: 0
X-Frame-Options: DENY
Content-Type: application/json
Transfer-Encoding: chunked
Date: Tue, 05 Aug 2025 21:41:54 GMT
Keep-Alive: timeout=60
Connection: keep-alive

{
    "status": "SUCCESS",
    "data": [
        {
            "theme": "Tech Conference 2025",
            "reference": "c291098f997543e6b5ae3f4d8950b616",
            "createdAt": null,
            "amount": 99.99,
            "status": "OPEN",
            "venue": "Convention Center, London",
            "totalCapacity": 500,
            "availableCapacity": 416,
            "startTime": "2025-08-10T09:00:00.000+00:00",
            "endTime": "2026-08-10T17:00:00.000+00:00"
        },
        {
            "theme": "Music Festival",
            "reference": "550e8400-e29b-41d4-a716-446655440000",
            "createdAt": null,
            "amount": 55.00,
            "status": "FULLY_BOOKED",
            "venue": "Open Air Stage",
            "totalCapacity": 500,
            "availableCapacity": 0,
            "startTime": "2025-08-01T14:00:00.000+00:00",
            "endTime": "2025-08-01T22:00:00.000+00:00"
        },
        {
            "theme": "Tech Conference",
            "reference": "3fa85f64-5717-4562-b3fc-2c963f66afa6",
            "createdAt": null,
            "amount": 30.00,
            "status": "OPEN",
            "venue": "Convention Center A",
            "totalCapacity": 100,
            "availableCapacity": 31,
            "startTime": "2025-06-10T08:00:00.000+00:00",
            "endTime": "2025-06-10T16:00:00.000+00:00"
        },
        {
            "theme": "Art Showcase",
            "reference": "123e4567-e89b-12d3-a456-426614174000",
            "createdAt": null,
            "amount": 20.00,
            "status": "OPEN",
            "venue": "Gallery District",
            "totalCapacity": 80,
            "availableCapacity": 35,
            "startTime": "2025-07-15T10:00:00.000+00:00",
            "endTime": "2025-07-15T16:00:00.000+00:00"
        },
        {
            "theme": "AI Summit",
            "reference": "c0a8015a-000f-11ee-be56-0242ac120002",
            "createdAt": null,
            "amount": 75.00,
            "status": "FULLY_BOOKED",
            "venue": "Tech Pavilion",
            "totalCapacity": 200,
            "availableCapacity": 0,
            "startTime": "2025-07-01T09:00:00.000+00:00",
            "endTime": "2025-07-01T17:00:00.000+00:00"
        }
    ],
    "hasMore": false,
    "currentPage": 0,
    "totalPages": 1,
    "totalItems": 5
}
HTTP/1.1 200 
X-Content-Type-Options: nosniff
X-XSS-Protection: 0
Cache-Control: no-cache, no-store, max-age=0, must-revalidate
Pragma: no-cache
Expires: 0
X-Frame-Options: DENY
Content-Type: application/json
Transfer-Encoding: chunked
Date: Tue, 05 Aug 2025 21:41:54 GMT
Keep-Alive: timeout=60
Connection: keep-alive

{
    "status": "SUCCESS",
    "data": [
        {
            "theme": "Tech Conference 2025",
            "reference": "c291098f997543e6b5ae3f4d8950b616",
            "createdAt": null,
            "amount": 99.99,
            "status": "OPEN",
            "venue": "Convention Center, London",
            "totalCapacity": 500,
            "availableCapacity": 416,
            "startTime": "2025-08-10T09:00:00.000+00:00",
            "endTime": "2026-08-10T17:00:00.000+00:00"
        },
        {
            "theme": "Music Festival",
            "reference": "550e8400-e29b-41d4-a716-446655440000",
            "createdAt": null,
            "amount": 55.00,
            "status": "FULLY_BOOKED",
            "venue": "Open Air Stage",
            "totalCapacity": 500,
            "availableCapacity": 0,
            "startTime": "2025-08-01T14:00:00.000+00:00",
            "endTime": "2025-08-01T22:00:00.000+00:00"
        },
        {
            "theme": "Tech Conference",
            "reference": "3fa85f64-5717-4562-b3fc-2c963f66afa6",
            "createdAt": null,
            "amount": 30.00,
            "status": "OPEN",
            "venue": "Convention Center A",
            "totalCapacity": 100,
            "availableCapacity": 31,
            "startTime": "2025-06-10T08:00:00.000+00:00",
            "endTime": "2025-06-10T16:00:00.000+00:00"
        },
        {
            "theme": "Art Showcase",
            "reference": "123e4567-e89b-12d3-a456-426614174000",
            "createdAt": null,
            "amount": 20.00,
            "status": "OPEN",
            "venue": "Gallery District",
            "totalCapacity": 80,
            "availableCapacity": 35,
            "startTime": "2025-07-15T10:00:00.000+00:00",
            "endTime": "2025-07-15T16:00:00.000+00:00"
        },
        {
            "theme": "AI Summit",
            "reference": "c0a8015a-000f-11ee-be56-0242ac120002",
            "createdAt": null,
            "amount": 75.00,
            "status": "FULLY_BOOKED",
            "venue": "Tech Pavilion",
            "totalCapacity": 200,
            "availableCapacity": 0,
            "startTime": "2025-07-01T09:00:00.000+00:00",
            "endTime": "2025-07-01T17:00:00.000+00:00"
        }
    ],
    "hasMore": false,
    "currentPage": 0,
    "totalPages": 1,
    "totalItems": 5
}
HTTP/1.1 200 
X-Content-Type-Options: nosniff
X-XSS-Protection: 0
Cache-Control: no-cache, no-store, max-age=0, must-revalidate
Pragma: no-cache
Expires: 0
X-Frame-Options: DENY
Content-Type: application/json
Transfer-Encoding: chunked
Date: Tue, 05 Aug 2025 21:41:54 GMT
Keep-Alive: timeout=60
Connection: keep-alive

{
    "status": "SUCCESS",
    "data": [
        {
            "theme": "Tech Conference 2025",
            "reference": "c291098f997543e6b5ae3f4d8950b616",
            "createdAt": null,
            "amount": 99.99,
            "status": "OPEN",
            "venue": "Convention Center, London",
            "totalCapacity": 500,
            "availableCapacity": 416,
            "startTime": "2025-08-10T09:00:00.000+00:00",
            "endTime": "2026-08-10T17:00:00.000+00:00"
        },
        {
            "theme": "Music Festival",
            "reference": "550e8400-e29b-41d4-a716-446655440000",
            "createdAt": null,
            "amount": 55.00,
            "status": "FULLY_BOOKED",
            "venue": "Open Air Stage",
            "totalCapacity": 500,
            "availableCapacity": 0,
            "startTime": "2025-08-01T14:00:00.000+00:00",
            "endTime": "2025-08-01T22:00:00.000+00:00"
        },
        {
            "theme": "Tech Conference",
            "reference": "3fa85f64-5717-4562-b3fc-2c963f66afa6",
            "createdAt": null,
            "amount": 30.00,
            "status": "OPEN",
            "venue": "Convention Center A",
            "totalCapacity": 100,
            "availableCapacity": 31,
            "startTime": "2025-06-10T08:00:00.000+00:00",
            "endTime": "2025-06-10T16:00:00.000+00:00"
        },
        {
            "theme": "Art Showcase",
            "reference": "123e4567-e89b-12d3-a456-426614174000",
            "createdAt": null,
            "amount": 20.00,
            "status": "OPEN",
            "venue": "Gallery District",
            "totalCapacity": 80,
            "availableCapacity": 35,
            "startTime": "2025-07-15T10:00:00.000+00:00",
            "endTime": "2025-07-15T16:00:00.000+00:00"
        },
        {
            "theme": "AI Summit",
            "reference": "c0a8015a-000f-11ee-be56-0242ac120002",
            "createdAt": null,
            "amount": 75.00,
            "status": "FULLY_BOOKED",
            "venue": "Tech Pavilion",
            "totalCapacity": 200,
            "availableCapacity": 0,
            "startTime": "2025-07-01T09:00:00.000+00:00",
            "endTime": "2025-07-01T17:00:00.000+00:00"
        }
    ],
    "hasMore": false,
    "currentPage": 0,
    "totalPages": 1,
    "totalItems": 5
}
]]></system-out>
  </testcase>
</testsuite>