<?xml version="1.0" encoding="UTF-8"?>
<testng-results ignored="0" total="7" passed="7" failed="0" skipped="0">
  <reporter-output>
  </reporter-output>
  <suite started-at="2025-08-06T21:28:18 BST" name="sf-em-restAssured-Tests" finished-at="2025-08-06T21:28:19 BST" duration-ms="1022">
    <groups>
    </groups>
    <test started-at="2025-08-06T21:28:18 BST" name="EventManagementAppTests" finished-at="2025-08-06T21:28:19 BST" duration-ms="1022">
      <class name="testEndPoints.EventManagerEndPointTests">
        <test-method is-config="true" signature="setUpSuite()[pri:0, instance:testEndPoints.EventManagerEndPointTests@44e3760b]" started-at="2025-08-06T21:28:18 BST" name="setUpSuite" finished-at="2025-08-06T21:28:18 BST" duration-ms="148" status="PASS">
          <reporter-output>
          </reporter-output>
        </test-method> <!-- setUpSuite -->
        <test-method signature="testGetRequest()[pri:1, instance:testEndPoints.EventManagerEndPointTests@44e3760b]" started-at="2025-08-06T21:28:18 BST" name="testGetRequest" finished-at="2025-08-06T21:28:19 BST" duration-ms="703" status="PASS">
          <reporter-output>
          </reporter-output>
        </test-method> <!-- testGetRequest -->
        <test-method is-config="true" signature="beforeEachTest()[pri:0, instance:testEndPoints.EventManagerEndPointTests@44e3760b]" started-at="2025-08-06T21:28:18 BST" name="beforeEachTest" finished-at="2025-08-06T21:28:18 BST" duration-ms="0" status="PASS">
          <reporter-output>
          </reporter-output>
        </test-method> <!-- beforeEachTest -->
        <test-method signature="createNewBookingTest()[pri:2, instance:testEndPoints.EventManagerEndPointTests@44e3760b]" started-at="2025-08-06T21:28:19 BST" name="createNewBookingTest" finished-at="2025-08-06T21:28:19 BST" duration-ms="132" status="PASS">
          <reporter-output>
          </reporter-output>
        </test-method> <!-- createNewBookingTest -->
        <test-method is-config="true" signature="beforeEachTest()[pri:0, instance:testEndPoints.EventManagerEndPointTests@44e3760b]" started-at="2025-08-06T21:28:19 BST" name="beforeEachTest" finished-at="2025-08-06T21:28:19 BST" duration-ms="0" status="PASS">
          <reporter-output>
          </reporter-output>
        </test-method> <!-- beforeEachTest -->
        <test-method signature="cancelBookingTest()[pri:3, instance:testEndPoints.EventManagerEndPointTests@44e3760b]" started-at="2025-08-06T21:28:19 BST" name="cancelBookingTest" finished-at="2025-08-06T21:28:19 BST" duration-ms="17" status="PASS">
          <reporter-output>
          </reporter-output>
        </test-method> <!-- cancelBookingTest -->
        <test-method is-config="true" signature="beforeEachTest()[pri:0, instance:testEndPoints.EventManagerEndPointTests@44e3760b]" started-at="2025-08-06T21:28:19 BST" name="beforeEachTest" finished-at="2025-08-06T21:28:19 BST" duration-ms="0" status="PASS">
          <reporter-output>
          </reporter-output>
        </test-method> <!-- beforeEachTest -->
        <test-method signature="parameterizationTest(java.lang.String)[pri:4, instance:testEndPoints.EventManagerEndPointTests@44e3760b]" started-at="2025-08-06T21:28:19 BST" name="parameterizationTest" finished-at="2025-08-06T21:28:19 BST" duration-ms="33" status="PASS">
          <params>
            <param index="0">
              <value>
                <![CDATA[REGULAR]]>
              </value>
            </param>
          </params>
          <reporter-output>
          </reporter-output>
        </test-method> <!-- parameterizationTest -->
        <test-method is-config="true" signature="beforeEachTest()[pri:0, instance:testEndPoints.EventManagerEndPointTests@44e3760b]" started-at="2025-08-06T21:28:19 BST" name="beforeEachTest" finished-at="2025-08-06T21:28:19 BST" duration-ms="0" status="PASS">
          <reporter-output>
          </reporter-output>
        </test-method> <!-- beforeEachTest -->
        <test-method signature="testWithDifferentBookingTypes(java.lang.String)[pri:5, instance:testEndPoints.EventManagerEndPointTests@44e3760b]" started-at="2025-08-06T21:28:19 BST" name="testWithDifferentBookingTypes" data-provider="bookingTypes" finished-at="2025-08-06T21:28:19 BST" duration-ms="29" status="PASS">
          <params>
            <param index="0">
              <value>
                <![CDATA[REGULAR]]>
              </value>
            </param>
          </params>
          <reporter-output>
          </reporter-output>
        </test-method> <!-- testWithDifferentBookingTypes -->
        <test-method is-config="true" signature="beforeEachTest()[pri:0, instance:testEndPoints.EventManagerEndPointTests@44e3760b]" started-at="2025-08-06T21:28:19 BST" name="beforeEachTest" finished-at="2025-08-06T21:28:19 BST" duration-ms="0" status="PASS">
          <reporter-output>
          </reporter-output>
        </test-method> <!-- beforeEachTest -->
        <test-method is-config="true" signature="beforeEachTest()[pri:0, instance:testEndPoints.EventManagerEndPointTests@44e3760b]" started-at="2025-08-06T21:28:19 BST" name="beforeEachTest" finished-at="2025-08-06T21:28:19 BST" duration-ms="0" status="PASS">
          <reporter-output>
          </reporter-output>
        </test-method> <!-- beforeEachTest -->
        <test-method signature="testWithDifferentBookingTypes(java.lang.String)[pri:5, instance:testEndPoints.EventManagerEndPointTests@44e3760b]" started-at="2025-08-06T21:28:19 BST" name="testWithDifferentBookingTypes" data-provider="bookingTypes" finished-at="2025-08-06T21:28:19 BST" duration-ms="29" status="PASS">
          <params>
            <param index="0">
              <value>
                <![CDATA[VIP]]>
              </value>
            </param>
          </params>
          <reporter-output>
          </reporter-output>
        </test-method> <!-- testWithDifferentBookingTypes -->
        <test-method signature="testAvailableCapacityReducesAfterBooking()[pri:6, instance:testEndPoints.EventManagerEndPointTests@44e3760b]" started-at="2025-08-06T21:28:19 BST" name="testAvailableCapacityReducesAfterBooking" finished-at="2025-08-06T21:28:19 BST" duration-ms="52" status="PASS">
          <reporter-output>
          </reporter-output>
        </test-method> <!-- testAvailableCapacityReducesAfterBooking -->
        <test-method is-config="true" signature="beforeEachTest()[pri:0, instance:testEndPoints.EventManagerEndPointTests@44e3760b]" started-at="2025-08-06T21:28:19 BST" name="beforeEachTest" finished-at="2025-08-06T21:28:19 BST" duration-ms="0" status="PASS">
          <reporter-output>
          </reporter-output>
        </test-method> <!-- beforeEachTest -->
        <test-method is-config="true" signature="tearDownSuite()[pri:0, instance:testEndPoints.EventManagerEndPointTests@44e3760b]" started-at="2025-08-06T21:28:19 BST" name="tearDownSuite" finished-at="2025-08-06T21:28:19 BST" duration-ms="2" status="PASS">
          <reporter-output>
          </reporter-output>
        </test-method> <!-- tearDownSuite -->
      </class> <!-- testEndPoints.EventManagerEndPointTests -->
    </test> <!-- EventManagementAppTests -->
  </suite> <!-- sf-em-restAssured-Tests -->
</testng-results>
