<?xml version="1.0" encoding="UTF-8"?>
<testng-results ignored="0" total="7" passed="7" failed="0" skipped="0">
  <reporter-output>
  </reporter-output>
  <suite started-at="2025-08-05T21:54:29 BST" name="sf-em-restAssured-Tests" finished-at="2025-08-05T21:54:30 BST" duration-ms="1177">
    <groups>
    </groups>
    <test started-at="2025-08-05T21:54:29 BST" name="EventManagementAppTests" finished-at="2025-08-05T21:54:30 BST" duration-ms="1177">
      <class name="testEndPoints.EventManagerEndPointTests">
        <test-method signature="testGetRequest()[pri:1, instance:testEndPoints.EventManagerEndPointTests@7e809b79]" started-at="2025-08-05T21:54:29 BST" name="testGetRequest" finished-at="2025-08-05T21:54:29 BST" duration-ms="781" status="PASS">
          <reporter-output>
          </reporter-output>
        </test-method> <!-- testGetRequest -->
        <test-method signature="createNewBookingTest()[pri:2, instance:testEndPoints.EventManagerEndPointTests@7e809b79]" started-at="2025-08-05T21:54:29 BST" name="createNewBookingTest" finished-at="2025-08-05T21:54:29 BST" duration-ms="145" status="PASS">
          <reporter-output>
          </reporter-output>
        </test-method> <!-- createNewBookingTest -->
        <test-method signature="cancelBookingTest()[pri:3, instance:testEndPoints.EventManagerEndPointTests@7e809b79]" started-at="2025-08-05T21:54:29 BST" name="cancelBookingTest" finished-at="2025-08-05T21:54:30 BST" duration-ms="30" status="PASS">
          <reporter-output>
          </reporter-output>
        </test-method> <!-- cancelBookingTest -->
        <test-method signature="parameterizationTest(java.lang.String)[pri:4, instance:testEndPoints.EventManagerEndPointTests@7e809b79]" started-at="2025-08-05T21:54:30 BST" name="parameterizationTest" finished-at="2025-08-05T21:54:30 BST" duration-ms="33" status="PASS">
          <params>
            <param index="0">
              <value>
                <![CDATA[REGULAR]]>
              </value>
            </param>
          </params>
          <reporter-output>
          </reporter-output>
        </test-method> <!-- parameterizationTest -->
        <test-method signature="testWithDifferentBooKingTypes(java.lang.String)[pri:5, instance:testEndPoints.EventManagerEndPointTests@7e809b79]" started-at="2025-08-05T21:54:30 BST" name="testWithDifferentBooKingTypes" data-provider="bookingTypes" finished-at="2025-08-05T21:54:30 BST" duration-ms="33" status="PASS">
          <params>
            <param index="0">
              <value>
                <![CDATA[REGULAR]]>
              </value>
            </param>
          </params>
          <reporter-output>
          </reporter-output>
        </test-method> <!-- testWithDifferentBooKingTypes -->
        <test-method signature="testWithDifferentBooKingTypes(java.lang.String)[pri:5, instance:testEndPoints.EventManagerEndPointTests@7e809b79]" started-at="2025-08-05T21:54:30 BST" name="testWithDifferentBooKingTypes" data-provider="bookingTypes" finished-at="2025-08-05T21:54:30 BST" duration-ms="37" status="PASS">
          <params>
            <param index="0">
              <value>
                <![CDATA[VIP]]>
              </value>
            </param>
          </params>
          <reporter-output>
          </reporter-output>
        </test-method> <!-- testWithDifferentBooKingTypes -->
        <test-method signature="testAvailableCapacityReducesAfterBooking()[pri:6, instance:testEndPoints.EventManagerEndPointTests@7e809b79]" started-at="2025-08-05T21:54:30 BST" name="testAvailableCapacityReducesAfterBooking" finished-at="2025-08-05T21:54:30 BST" duration-ms="93" status="PASS">
          <reporter-output>
          </reporter-output>
        </test-method> <!-- testAvailableCapacityReducesAfterBooking -->
      </class> <!-- testEndPoints.EventManagerEndPointTests -->
    </test> <!-- EventManagementAppTests -->
  </suite> <!-- sf-em-restAssured-Tests -->
</testng-results>
